18:55:45.324 [main] INFO  o.s.c.a.AnnotationConfigApplicationContext - Refreshing org.springframework.context.annotation.AnnotationConfigApplicationContext@7a8e732a: startup date [Wed Apr 12 18:55:45 CST 2017]; root of context hierarchy 
18:55:45.608 [main] INFO  o.s.b.f.a.AutowiredAnnotationBeanPostProcessor - JSR-330 'javax.inject.Inject' annotation found and supported for autowiring 
18:55:45.644 [main] INFO  o.s.c.s.PostProcessorRegistrationDelegate$BeanPostProcessorChecker - Bean 'configurationPropertiesRebinderAutoConfiguration' of type [org.springframework.cloud.autoconfigure.ConfigurationPropertiesRebinderAutoConfiguration$$EnhancerBySpringCGLIB$$dfeb4954] is not eligible for getting processed by all BeanPostProcessors (for example: not eligible for auto-proxying) 
18:55:45.697 [background-preinit] INFO  o.h.validator.internal.util.Version - HV000001: Hibernate Validator 5.3.4.Final 
18:55:46.215 [main] INFO  c.b.d.provider.ProviderApplication - No active profile set, falling back to default profiles: default 
18:55:46.231 [main] INFO  o.s.b.c.e.AnnotationConfigEmbeddedWebApplicationContext - Refreshing org.springframework.boot.context.embedded.AnnotationConfigEmbeddedWebApplicationContext@323701e9: startup date [Wed Apr 12 18:55:46 CST 2017]; parent: org.springframework.context.annotation.AnnotationConfigApplicationContext@7a8e732a 
18:55:47.005 [main] WARN  o.s.c.a.ConfigurationClassPostProcessor - Cannot enhance @Configuration bean definition 'refreshScope' since its singleton instance has been created too early. The typical cause is a non-static @Bean method with a BeanDefinitionRegistryPostProcessor return type: Consider declaring such methods as 'static'. 
18:55:47.175 [main] INFO  o.s.c.context.scope.GenericScope - BeanFactory id=78971228-876b-3db0-9031-7f81f64c889c 
18:55:47.214 [main] INFO  o.s.b.f.a.AutowiredAnnotationBeanPostProcessor - JSR-330 'javax.inject.Inject' annotation found and supported for autowiring 
18:55:47.285 [main] INFO  o.s.c.s.PostProcessorRegistrationDelegate$BeanPostProcessorChecker - Bean 'org.springframework.cloud.autoconfigure.ConfigurationPropertiesRebinderAutoConfiguration' of type [org.springframework.cloud.autoconfigure.ConfigurationPropertiesRebinderAutoConfiguration$$EnhancerBySpringCGLIB$$dfeb4954] is not eligible for getting processed by all BeanPostProcessors (for example: not eligible for auto-proxying) 
18:55:47.547 [main] INFO  o.s.b.c.e.t.TomcatEmbeddedServletContainer - Tomcat initialized with port(s): 8081 (http) 
18:55:47.557 [main] INFO  o.a.catalina.core.StandardService - Starting service Tomcat 
18:55:47.558 [main] INFO  o.a.catalina.core.StandardEngine - Starting Servlet Engine: Apache Tomcat/8.5.11 
18:55:47.671 [localhost-startStop-1] INFO  o.a.c.c.C.[Tomcat].[localhost].[/] - Initializing Spring embedded WebApplicationContext 
18:55:47.671 [localhost-startStop-1] INFO  o.s.web.context.ContextLoader - Root WebApplicationContext: initialization completed in 1440 ms 
18:55:47.937 [localhost-startStop-1] INFO  o.s.b.w.s.ServletRegistrationBean - Mapping servlet: 'dispatcherServlet' to [/] 
18:55:47.941 [localhost-startStop-1] INFO  o.s.b.w.s.FilterRegistrationBean - Mapping filter: 'metricsFilter' to: [/*] 
18:55:47.942 [localhost-startStop-1] INFO  o.s.b.w.s.FilterRegistrationBean - Mapping filter: 'characterEncodingFilter' to: [/*] 
18:55:47.942 [localhost-startStop-1] INFO  o.s.b.w.s.FilterRegistrationBean - Mapping filter: 'hiddenHttpMethodFilter' to: [/*] 
18:55:47.942 [localhost-startStop-1] INFO  o.s.b.w.s.FilterRegistrationBean - Mapping filter: 'httpPutFormContentFilter' to: [/*] 
18:55:47.943 [localhost-startStop-1] INFO  o.s.b.w.s.FilterRegistrationBean - Mapping filter: 'requestContextFilter' to: [/*] 
18:55:47.943 [localhost-startStop-1] INFO  o.s.b.w.s.FilterRegistrationBean - Mapping filter: 'webRequestLoggingFilter' to: [/*] 
18:55:47.943 [localhost-startStop-1] INFO  o.s.b.w.s.FilterRegistrationBean - Mapping filter: 'applicationContextIdFilter' to: [/*] 
18:55:48.388 [main] INFO  o.s.w.s.m.m.a.RequestMappingHandlerAdapter - Looking for @ControllerAdvice: org.springframework.boot.context.embedded.AnnotationConfigEmbeddedWebApplicationContext@323701e9: startup date [Wed Apr 12 18:55:46 CST 2017]; parent: org.springframework.context.annotation.AnnotationConfigApplicationContext@7a8e732a 
18:55:48.500 [main] INFO  o.s.w.s.m.m.a.RequestMappingHandlerMapping - Mapped "{[/error]}" onto public org.springframework.http.ResponseEntity<java.util.Map<java.lang.String, java.lang.Object>> org.springframework.boot.autoconfigure.web.BasicErrorController.error(javax.servlet.http.HttpServletRequest) 
18:55:48.501 [main] INFO  o.s.w.s.m.m.a.RequestMappingHandlerMapping - Mapped "{[/error],produces=[text/html]}" onto public org.springframework.web.servlet.ModelAndView org.springframework.boot.autoconfigure.web.BasicErrorController.errorHtml(javax.servlet.http.HttpServletRequest,javax.servlet.http.HttpServletResponse) 
18:55:48.550 [main] INFO  o.s.w.s.h.SimpleUrlHandlerMapping - Mapped URL path [/webjars/**] onto handler of type [class org.springframework.web.servlet.resource.ResourceHttpRequestHandler] 
18:55:48.550 [main] INFO  o.s.w.s.h.SimpleUrlHandlerMapping - Mapped URL path [/**] onto handler of type [class org.springframework.web.servlet.resource.ResourceHttpRequestHandler] 
18:55:48.597 [main] INFO  o.s.w.s.h.SimpleUrlHandlerMapping - Mapped URL path [/**/favicon.ico] onto handler of type [class org.springframework.web.servlet.resource.ResourceHttpRequestHandler] 
18:55:49.110 [main] INFO  o.s.b.a.e.m.EndpointHandlerMapping - Mapped "{[/archaius || /archaius.json],methods=[GET],produces=[application/vnd.spring-boot.actuator.v1+json || application/json]}" onto public java.lang.Object org.springframework.boot.actuate.endpoint.mvc.EndpointMvcAdapter.invoke() 
18:55:49.111 [main] INFO  o.s.b.a.e.m.EndpointHandlerMapping - Mapped "{[/resume || /resume.json],methods=[POST]}" onto public java.lang.Object org.springframework.cloud.endpoint.GenericPostableMvcEndpoint.invoke() 
18:55:49.113 [main] INFO  o.s.b.a.e.m.EndpointHandlerMapping - Mapped "{[/refresh || /refresh.json],methods=[POST]}" onto public java.lang.Object org.springframework.cloud.endpoint.GenericPostableMvcEndpoint.invoke() 
18:55:49.114 [main] INFO  o.s.b.a.e.m.EndpointHandlerMapping - Mapped "{[/metrics/{name:.*}],methods=[GET],produces=[application/vnd.spring-boot.actuator.v1+json || application/json]}" onto public java.lang.Object org.springframework.boot.actuate.endpoint.mvc.MetricsMvcEndpoint.value(java.lang.String) 
18:55:49.114 [main] INFO  o.s.b.a.e.m.EndpointHandlerMapping - Mapped "{[/metrics || /metrics.json],methods=[GET],produces=[application/vnd.spring-boot.actuator.v1+json || application/json]}" onto public java.lang.Object org.springframework.boot.actuate.endpoint.mvc.EndpointMvcAdapter.invoke() 
18:55:49.115 [main] INFO  o.s.b.a.e.m.EndpointHandlerMapping - Mapped "{[/configprops || /configprops.json],methods=[GET],produces=[application/vnd.spring-boot.actuator.v1+json || application/json]}" onto public java.lang.Object org.springframework.boot.actuate.endpoint.mvc.EndpointMvcAdapter.invoke() 
18:55:49.116 [main] INFO  o.s.b.a.e.m.EndpointHandlerMapping - Mapped "{[/beans || /beans.json],methods=[GET],produces=[application/vnd.spring-boot.actuator.v1+json || application/json]}" onto public java.lang.Object org.springframework.boot.actuate.endpoint.mvc.EndpointMvcAdapter.invoke() 
18:55:49.118 [main] INFO  o.s.b.a.e.m.EndpointHandlerMapping - Mapped "{[/heapdump || /heapdump.json],methods=[GET],produces=[application/octet-stream]}" onto public void org.springframework.boot.actuate.endpoint.mvc.HeapdumpMvcEndpoint.invoke(boolean,javax.servlet.http.HttpServletRequest,javax.servlet.http.HttpServletResponse) throws java.io.IOException,javax.servlet.ServletException 
18:55:49.119 [main] INFO  o.s.b.a.e.m.EndpointHandlerMapping - Mapped "{[/dubbo || /dubbo.json],methods=[GET],produces=[application/vnd.spring-boot.actuator.v1+json || application/json]}" onto public java.lang.Object org.springframework.boot.actuate.endpoint.mvc.EndpointMvcAdapter.invoke() 
18:55:49.120 [main] INFO  o.s.b.a.e.m.EndpointHandlerMapping - Mapped "{[/env],methods=[POST]}" onto public java.lang.Object org.springframework.cloud.context.environment.EnvironmentManagerMvcEndpoint.value(java.util.Map<java.lang.String, java.lang.String>) 
18:55:49.121 [main] INFO  o.s.b.a.e.m.EndpointHandlerMapping - Mapped "{[/env/reset],methods=[POST]}" onto public java.util.Map<java.lang.String, java.lang.Object> org.springframework.cloud.context.environment.EnvironmentManagerMvcEndpoint.reset() 
18:55:49.123 [main] INFO  o.s.b.a.e.m.EndpointHandlerMapping - Mapped "{[/mappings || /mappings.json],methods=[GET],produces=[application/vnd.spring-boot.actuator.v1+json || application/json]}" onto public java.lang.Object org.springframework.boot.actuate.endpoint.mvc.EndpointMvcAdapter.invoke() 
18:55:49.125 [main] INFO  o.s.b.a.e.m.EndpointHandlerMapping - Mapped "{[/info || /info.json],methods=[GET],produces=[application/vnd.spring-boot.actuator.v1+json || application/json]}" onto public java.lang.Object org.springframework.boot.actuate.endpoint.mvc.EndpointMvcAdapter.invoke() 
18:55:49.127 [main] INFO  o.s.b.a.e.m.EndpointHandlerMapping - Mapped "{[/restart || /restart.json],methods=[POST]}" onto public java.lang.Object org.springframework.cloud.context.restart.RestartMvcEndpoint.invoke() 
18:55:49.128 [main] INFO  o.s.b.a.e.m.EndpointHandlerMapping - Mapped "{[/autoconfig || /autoconfig.json],methods=[GET],produces=[application/vnd.spring-boot.actuator.v1+json || application/json]}" onto public java.lang.Object org.springframework.boot.actuate.endpoint.mvc.EndpointMvcAdapter.invoke() 
18:55:49.130 [main] INFO  o.s.b.a.e.m.EndpointHandlerMapping - Mapped "{[/health || /health.json],methods=[GET],produces=[application/vnd.spring-boot.actuator.v1+json || application/json]}" onto public java.lang.Object org.springframework.boot.actuate.endpoint.mvc.HealthMvcEndpoint.invoke(javax.servlet.http.HttpServletRequest,java.security.Principal) 
18:55:49.132 [main] INFO  o.s.b.a.e.m.EndpointHandlerMapping - Mapped "{[/pause || /pause.json],methods=[POST]}" onto public java.lang.Object org.springframework.cloud.endpoint.GenericPostableMvcEndpoint.invoke() 
18:55:49.134 [main] INFO  o.s.b.a.e.m.EndpointHandlerMapping - Mapped "{[/env/{name:.*}],methods=[GET],produces=[application/vnd.spring-boot.actuator.v1+json || application/json]}" onto public java.lang.Object org.springframework.boot.actuate.endpoint.mvc.EnvironmentMvcEndpoint.value(java.lang.String) 
18:55:49.134 [main] INFO  o.s.b.a.e.m.EndpointHandlerMapping - Mapped "{[/env || /env.json],methods=[GET],produces=[application/vnd.spring-boot.actuator.v1+json || application/json]}" onto public java.lang.Object org.springframework.boot.actuate.endpoint.mvc.EndpointMvcAdapter.invoke() 
18:55:49.135 [main] INFO  o.s.b.a.e.m.EndpointHandlerMapping - Mapped "{[/dump || /dump.json],methods=[GET],produces=[application/vnd.spring-boot.actuator.v1+json || application/json]}" onto public java.lang.Object org.springframework.boot.actuate.endpoint.mvc.EndpointMvcAdapter.invoke() 
18:55:49.136 [main] INFO  o.s.b.a.e.m.EndpointHandlerMapping - Mapped "{[/auditevents || /auditevents.json],methods=[GET],produces=[application/vnd.spring-boot.actuator.v1+json || application/json]}" onto public org.springframework.http.ResponseEntity<?> org.springframework.boot.actuate.endpoint.mvc.AuditEventsMvcEndpoint.findByPrincipalAndAfterAndType(java.lang.String,java.util.Date,java.lang.String) 
18:55:49.139 [main] INFO  o.s.b.a.e.m.EndpointHandlerMapping - Mapped "{[/loggers/{name:.*}],methods=[GET],produces=[application/vnd.spring-boot.actuator.v1+json || application/json]}" onto public java.lang.Object org.springframework.boot.actuate.endpoint.mvc.LoggersMvcEndpoint.get(java.lang.String) 
18:55:49.140 [main] INFO  o.s.b.a.e.m.EndpointHandlerMapping - Mapped "{[/loggers/{name:.*}],methods=[POST],consumes=[application/vnd.spring-boot.actuator.v1+json || application/json],produces=[application/vnd.spring-boot.actuator.v1+json || application/json]}" onto public java.lang.Object org.springframework.boot.actuate.endpoint.mvc.LoggersMvcEndpoint.set(java.lang.String,java.util.Map<java.lang.String, java.lang.String>) 
18:55:49.141 [main] INFO  o.s.b.a.e.m.EndpointHandlerMapping - Mapped "{[/loggers || /loggers.json],methods=[GET],produces=[application/vnd.spring-boot.actuator.v1+json || application/json]}" onto public java.lang.Object org.springframework.boot.actuate.endpoint.mvc.EndpointMvcAdapter.invoke() 
18:55:49.142 [main] INFO  o.s.b.a.e.m.EndpointHandlerMapping - Mapped "{[/trace || /trace.json],methods=[GET],produces=[application/vnd.spring-boot.actuator.v1+json || application/json]}" onto public java.lang.Object org.springframework.boot.actuate.endpoint.mvc.EndpointMvcAdapter.invoke() 
18:55:49.340 [main] WARN  o.s.c.n.a.ArchaiusAutoConfiguration - No spring.application.name found, defaulting to 'application' 
18:55:49.344 [main] WARN  c.n.c.s.URLConfigurationSource - No URLs will be polled as dynamic configuration sources. 
18:55:49.345 [main] INFO  c.n.c.s.URLConfigurationSource - To enable URLs as dynamic configuration sources, define System property archaius.configurationSource.additionalUrls or make config.properties available on classpath. 
18:55:49.352 [main] WARN  c.n.c.s.URLConfigurationSource - No URLs will be polled as dynamic configuration sources. 
18:55:49.352 [main] INFO  c.n.c.s.URLConfigurationSource - To enable URLs as dynamic configuration sources, define System property archaius.configurationSource.additionalUrls or make config.properties available on classpath. 
18:55:50.698 [main] INFO  org.apache.zookeeper.ZooKeeper - Client environment:zookeeper.version=3.4.5-1392090, built on 09/30/2012 17:52 GMT 
18:55:50.699 [main] INFO  org.apache.zookeeper.ZooKeeper - Client environment:host.name=PC-20150920016 
18:55:50.699 [main] INFO  org.apache.zookeeper.ZooKeeper - Client environment:java.version=1.7.0_79 
18:55:50.700 [main] INFO  org.apache.zookeeper.ZooKeeper - Client environment:java.vendor=Oracle Corporation 
18:55:50.700 [main] INFO  org.apache.zookeeper.ZooKeeper - Client environment:java.home=C:\Java\jdk1.7.0_79\jre 
18:55:50.700 [main] INFO  org.apache.zookeeper.ZooKeeper - Client environment:java.class.path=F:\boot\boot_dubbo_master\boot_dubbo_provider\target\classes;F:\boot\boot_dubbo_master\boot_dubbo_service\target\classes;F:\home\yizhenn\.m2\repository\com\alibaba\spring-boot-starter-dubbo\1.5.2.RELEASE\spring-boot-starter-dubbo-1.5.2.RELEASE.jar;F:\home\yizhenn\.m2\repository\org\apache\httpcomponents\httpclient\4.5.3\httpclient-4.5.3.jar;F:\home\yizhenn\.m2\repository\org\apache\httpcomponents\httpcore\4.4.6\httpcore-4.4.6.jar;F:\home\yizhenn\.m2\repository\commons-codec\commons-codec\1.10\commons-codec-1.10.jar;F:\home\yizhenn\.m2\repository\org\springframework\cloud\spring-cloud-starter-feign\1.2.6.RELEASE\spring-cloud-starter-feign-1.2.6.RELEASE.jar;F:\home\yizhenn\.m2\repository\org\springframework\cloud\spring-cloud-starter\1.1.8.RELEASE\spring-cloud-starter-1.1.8.RELEASE.jar;F:\home\yizhenn\.m2\repository\org\springframework\cloud\spring-cloud-context\1.1.8.RELEASE\spring-cloud-context-1.1.8.RELEASE.jar;F:\home\yizhenn\.m2\repository\org\springframework\security\spring-security-rsa\1.0.3.RELEASE\spring-security-rsa-1.0.3.RELEASE.jar;F:\home\yizhenn\.m2\repository\org\bouncycastle\bcpkix-jdk15on\1.55\bcpkix-jdk15on-1.55.jar;F:\home\yizhenn\.m2\repository\org\bouncycastle\bcprov-jdk15on\1.55\bcprov-jdk15on-1.55.jar;F:\home\yizhenn\.m2\repository\org\springframework\cloud\spring-cloud-netflix-core\1.2.6.RELEASE\spring-cloud-netflix-core-1.2.6.RELEASE.jar;F:\home\yizhenn\.m2\repository\org\springframework\cloud\spring-cloud-commons\1.1.8.RELEASE\spring-cloud-commons-1.1.8.RELEASE.jar;F:\home\yizhenn\.m2\repository\org\springframework\security\spring-security-crypto\4.2.2.RELEASE\spring-security-crypto-4.2.2.RELEASE.jar;F:\home\yizhenn\.m2\repository\io\github\openfeign\feign-core\9.3.1\feign-core-9.3.1.jar;F:\home\yizhenn\.m2\repository\org\jvnet\animal-sniffer-annotation\1.0\animal-sniffer-annotation-1.0.jar;F:\home\yizhenn\.m2\repository\io\github\openfeign\feign-slf4j\9.3.1\feign-slf4j-9.3.1.jar;F:\home\yizhenn\.m2\repository\io\github\openfeign\feign-hystrix\9.3.1\feign-hystrix-9.3.1.jar;F:\home\yizhenn\.m2\repository\com\netflix\hystrix\hystrix-core\1.4.26\hystrix-core-1.4.26.jar;F:\home\yizhenn\.m2\repository\org\springframework\cloud\spring-cloud-starter-ribbon\1.2.6.RELEASE\spring-cloud-starter-ribbon-1.2.6.RELEASE.jar;F:\home\yizhenn\.m2\repository\com\netflix\ribbon\ribbon\2.2.0\ribbon-2.2.0.jar;F:\home\yizhenn\.m2\repository\com\netflix\ribbon\ribbon-transport\2.2.0\ribbon-transport-2.2.0.jar;F:\home\yizhenn\.m2\repository\io\reactivex\rxnetty-contexts\0.4.9\rxnetty-contexts-0.4.9.jar;F:\home\yizhenn\.m2\repository\io\reactivex\rxnetty-servo\0.4.9\rxnetty-servo-0.4.9.jar;F:\home\yizhenn\.m2\repository\javax\inject\javax.inject\1\javax.inject-1.jar;F:\home\yizhenn\.m2\repository\io\reactivex\rxnetty\0.4.9\rxnetty-0.4.9.jar;F:\home\yizhenn\.m2\repository\io\netty\netty-codec-http\4.0.27.Final\netty-codec-http-4.0.27.Final.jar;F:\home\yizhenn\.m2\repository\io\netty\netty-codec\4.0.27.Final\netty-codec-4.0.27.Final.jar;F:\home\yizhenn\.m2\repository\io\netty\netty-handler\4.0.27.Final\netty-handler-4.0.27.Final.jar;F:\home\yizhenn\.m2\repository\io\netty\netty-transport-native-epoll\4.0.27.Final\netty-transport-native-epoll-4.0.27.Final.jar;F:\home\yizhenn\.m2\repository\io\netty\netty-common\4.0.27.Final\netty-common-4.0.27.Final.jar;F:\home\yizhenn\.m2\repository\io\netty\netty-buffer\4.0.27.Final\netty-buffer-4.0.27.Final.jar;F:\home\yizhenn\.m2\repository\io\netty\netty-transport\4.0.27.Final\netty-transport-4.0.27.Final.jar;F:\home\yizhenn\.m2\repository\com\netflix\ribbon\ribbon-core\2.2.0\ribbon-core-2.2.0.jar;F:\home\yizhenn\.m2\repository\commons-lang\commons-lang\2.6\commons-lang-2.6.jar;F:\home\yizhenn\.m2\repository\com\netflix\ribbon\ribbon-httpclient\2.2.0\ribbon-httpclient-2.2.0.jar;F:\home\yizhenn\.m2\repository\commons-collections\commons-collections\3.2.2\commons-collections-3.2.2.jar;F:\home\yizhenn\.m2\repository\com\sun\jersey\jersey-client\1.19.1\jersey-client-1.19.1.jar;F:\home\yizhenn\.m2\repository\com\sun\jersey\jersey-core\1.19.1\jersey-core-1.19.1.jar;F:\home\yizhenn\.m2\repository\javax\ws\rs\jsr311-api\1.1.1\jsr311-api-1.1.1.jar;F:\home\yizhenn\.m2\repository\com\sun\jersey\contribs\jersey-apache-client4\1.19.1\jersey-apache-client4-1.19.1.jar;F:\home\yizhenn\.m2\repository\com\netflix\servo\servo-core\0.10.1\servo-core-0.10.1.jar;F:\home\yizhenn\.m2\repository\com\netflix\servo\servo-internal\0.10.1\servo-internal-0.10.1.jar;F:\home\yizhenn\.m2\repository\com\netflix\netflix-commons\netflix-commons-util\0.1.1\netflix-commons-util-0.1.1.jar;F:\home\yizhenn\.m2\repository\com\netflix\ribbon\ribbon-loadbalancer\2.2.0\ribbon-loadbalancer-2.2.0.jar;F:\home\yizhenn\.m2\repository\com\netflix\netflix-commons\netflix-statistics\0.1.1\netflix-statistics-0.1.1.jar;F:\home\yizhenn\.m2\repository\io\reactivex\rxjava\1.1.10\rxjava-1.1.10.jar;F:\home\yizhenn\.m2\repository\org\springframework\cloud\spring-cloud-starter-archaius\1.2.6.RELEASE\spring-cloud-starter-archaius-1.2.6.RELEASE.jar;F:\home\yizhenn\.m2\repository\com\netflix\archaius\archaius-core\0.7.4\archaius-core-0.7.4.jar;F:\home\yizhenn\.m2\repository\com\google\code\findbugs\jsr305\3.0.1\jsr305-3.0.1.jar;F:\home\yizhenn\.m2\repository\commons-configuration\commons-configuration\1.8\commons-configuration-1.8.jar;F:\home\yizhenn\.m2\repository\io\github\openfeign\feign-httpclient\9.3.1\feign-httpclient-9.3.1.jar;F:\home\yizhenn\.m2\repository\com\alibaba\dubbo\2.8.5-SNAPSHOT\dubbo-2.8.5-SNAPSHOT.jar;F:\home\yizhenn\.m2\repository\commons-logging\commons-logging\1.1.3\commons-logging-1.1.3.jar;F:\home\yizhenn\.m2\repository\aopalliance\aopalliance\1.0\aopalliance-1.0.jar;F:\home\yizhenn\.m2\repository\io\netty\netty\3.7.0.Final\netty-3.7.0.Final.jar;F:\home\yizhenn\.m2\repository\log4j\log4j\1.2.16\log4j-1.2.16.jar;F:\home\yizhenn\.m2\repository\org\javassist\javassist\3.21.0-GA\javassist-3.21.0-GA.jar;F:\home\yizhenn\.m2\repository\org\apache\curator\curator-framework\2.5.0\curator-framework-2.5.0.jar;F:\home\yizhenn\.m2\repository\org\apache\curator\curator-client\2.5.0\curator-client-2.5.0.jar;F:\home\yizhenn\.m2\repository\org\slf4j\slf4j-api\1.7.24\slf4j-api-1.7.24.jar;F:\home\yizhenn\.m2\repository\com\google\guava\guava\16.0.1\guava-16.0.1.jar;F:\home\yizhenn\.m2\repository\com\github\sgroschupf\zkclient\0.1\zkclient-0.1.jar;F:\home\yizhenn\.m2\repository\org\apache\zookeeper\zookeeper\3.4.5\zookeeper-3.4.5.jar;F:\home\yizhenn\.m2\repository\jline\jline\0.9.94\jline-0.9.94.jar;F:\home\yizhenn\.m2\repository\org\springframework\boot\spring-boot-starter-web\1.5.2.RELEASE\spring-boot-starter-web-1.5.2.RELEASE.jar;F:\home\yizhenn\.m2\repository\org\springframework\boot\spring-boot-starter\1.5.2.RELEASE\spring-boot-starter-1.5.2.RELEASE.jar;F:\home\yizhenn\.m2\repository\org\springframework\boot\spring-boot-starter-logging\1.5.2.RELEASE\spring-boot-starter-logging-1.5.2.RELEASE.jar;F:\home\yizhenn\.m2\repository\ch\qos\logback\logback-classic\1.1.11\logback-classic-1.1.11.jar;F:\home\yizhenn\.m2\repository\ch\qos\logback\logback-core\1.1.11\logback-core-1.1.11.jar;F:\home\yizhenn\.m2\repository\org\slf4j\jcl-over-slf4j\1.7.24\jcl-over-slf4j-1.7.24.jar;F:\home\yizhenn\.m2\repository\org\slf4j\jul-to-slf4j\1.7.24\jul-to-slf4j-1.7.24.jar;F:\home\yizhenn\.m2\repository\org\slf4j\log4j-over-slf4j\1.7.24\log4j-over-slf4j-1.7.24.jar;F:\home\yizhenn\.m2\repository\org\yaml\snakeyaml\1.17\snakeyaml-1.17.jar;F:\home\yizhenn\.m2\repository\org\springframework\boot\spring-boot-starter-tomcat\1.5.2.RELEASE\spring-boot-starter-tomcat-1.5.2.RELEASE.jar;F:\home\yizhenn\.m2\repository\org\apache\tomcat\embed\tomcat-embed-core\8.5.11\tomcat-embed-core-8.5.11.jar;F:\home\yizhenn\.m2\repository\org\apache\tomcat\embed\tomcat-embed-el\8.5.11\tomcat-embed-el-8.5.11.jar;F:\home\yizhenn\.m2\repository\org\apache\tomcat\embed\tomcat-embed-websocket\8.5.11\tomcat-embed-websocket-8.5.11.jar;F:\home\yizhenn\.m2\repository\org\hibernate\hibernate-validator\5.3.4.Final\hibernate-validator-5.3.4.Final.jar;F:\home\yizhenn\.m2\repository\javax\validation\validation-api\1.1.0.Final\validation-api-1.1.0.Final.jar;F:\home\yizhenn\.m2\repository\org\jboss\logging\jboss-logging\3.3.0.Final\jboss-logging-3.3.0.Final.jar;F:\home\yizhenn\.m2\repository\com\fasterxml\classmate\1.3.3\classmate-1.3.3.jar;F:\home\yizhenn\.m2\repository\com\fasterxml\jackson\core\jackson-databind\2.8.7\jackson-databind-2.8.7.jar;F:\home\yizhenn\.m2\repository\com\fasterxml\jackson\core\jackson-annotations\2.8.0\jackson-annotations-2.8.0.jar;F:\home\yizhenn\.m2\repository\com\fasterxml\jackson\core\jackson-core\2.8.7\jackson-core-2.8.7.jar;F:\home\yizhenn\.m2\repository\org\springframework\spring-web\4.3.7.RELEASE\spring-web-4.3.7.RELEASE.jar;F:\home\yizhenn\.m2\repository\org\springframework\spring-aop\4.3.7.RELEASE\spring-aop-4.3.7.RELEASE.jar;F:\home\yizhenn\.m2\repository\org\springframework\spring-beans\4.3.7.RELEASE\spring-beans-4.3.7.RELEASE.jar;F:\home\yizhenn\.m2\repository\org\springframework\spring-webmvc\4.3.7.RELEASE\spring-webmvc-4.3.7.RELEASE.jar;F:\home\yizhenn\.m2\repository\org\springframework\spring-expression\4.3.7.RELEASE\spring-expression-4.3.7.RELEASE.jar;F:\home\yizhenn\.m2\repository\junit\junit\4.12\junit-4.12.jar;F:\home\yizhenn\.m2\repository\org\hamcrest\hamcrest-core\1.3\hamcrest-core-1.3.jar;F:\home\yizhenn\.m2\repository\org\springframework\spring-core\4.3.7.RELEASE\spring-core-4.3.7.RELEASE.jar;F:\home\yizhenn\.m2\repository\org\springframework\boot\spring-boot-actuator\1.5.2.RELEASE\spring-boot-actuator-1.5.2.RELEASE.jar;F:\home\yizhenn\.m2\repository\org\springframework\boot\spring-boot\1.5.2.RELEASE\spring-boot-1.5.2.RELEASE.jar;F:\home\yizhenn\.m2\repository\org\springframework\boot\spring-boot-autoconfigure\1.5.2.RELEASE\spring-boot-autoconfigure-1.5.2.RELEASE.jar;F:\home\yizhenn\.m2\repository\org\springframework\spring-context\4.3.7.RELEASE\spring-context-4.3.7.RELEASE.jar 
18:55:50.700 [main] INFO  org.apache.zookeeper.ZooKeeper - Client environment:java.library.path=C:\Java\jdk1.7.0_79\bin;C:\Windows\Sun\Java\bin;C:\Windows\system32;C:\Windows;C:/Java/jdk1.7.0_79/bin/../jre/bin/server;C:/Java/jdk1.7.0_79/bin/../jre/bin;C:/Java/jdk1.7.0_79/bin/../jre/lib/amd64;F:\apache-maven\bin;C:\Java\jdk1.7.0_79\bin;C:\Windows\system32;C:\Windows;C:\Windows\System32\Wbem;C:\Windows\System32\WindowsPowerShell\v1.0\;C:\Program Files (x86)\MySQL\MySQL Server 5.1\bin;C:\Program Files (x86)\VisualSVN Server\bin;C:\Program Files (x86)\NVIDIA Corporation\PhysX\Common;E:\study\nginx-1.8.1;C:\Program Files\TortoiseSVN\bin;d:\Program Files\Git\cmd;C:\Program Files\erl8.2\bin;F:\rabitmq\rabbitmq_server-3.6.6\sbin;F:\tool\eclipse;;. 
18:55:50.700 [main] INFO  org.apache.zookeeper.ZooKeeper - Client environment:java.io.tmpdir=C:\Users\ADMINI~1\AppData\Local\Temp\ 
18:55:50.700 [main] INFO  org.apache.zookeeper.ZooKeeper - Client environment:java.compiler=<NA> 
18:55:50.700 [main] INFO  org.apache.zookeeper.ZooKeeper - Client environment:os.name=Windows 7 
18:55:50.701 [main] INFO  org.apache.zookeeper.ZooKeeper - Client environment:os.arch=amd64 
18:55:50.701 [main] INFO  org.apache.zookeeper.ZooKeeper - Client environment:os.version=6.1 
18:55:50.701 [main] INFO  org.apache.zookeeper.ZooKeeper - Client environment:user.name=Administrator 
18:55:50.701 [main] INFO  org.apache.zookeeper.ZooKeeper - Client environment:user.home=C:\Users\Administrator 
18:55:50.701 [main] INFO  org.apache.zookeeper.ZooKeeper - Client environment:user.dir=F:\boot\boot_dubbo_master\boot_dubbo_provider 
18:55:50.702 [main] INFO  org.apache.zookeeper.ZooKeeper - Initiating client connection, connectString=localhost:4181,localhost:4182,localhost:4183 sessionTimeout=60000 watcher=org.I0Itec.zkclient.ZkClient@3f44c5bd 
18:55:50.759 [main-SendThread(127.0.0.1:4183)] INFO  org.apache.zookeeper.ClientCnxn - Opening socket connection to server 127.0.0.1/127.0.0.1:4183. Will not attempt to authenticate using SASL (unknown error) 
18:55:50.761 [main-SendThread(127.0.0.1:4183)] INFO  org.apache.zookeeper.ClientCnxn - Socket connection established to 127.0.0.1/127.0.0.1:4183, initiating session 
18:55:52.722 [main-SendThread(127.0.0.1:4183)] WARN  o.apache.zookeeper.ClientCnxnSocket - Connected to an old server; r-o mode will be unavailable 
18:55:52.723 [main-SendThread(127.0.0.1:4183)] INFO  org.apache.zookeeper.ClientCnxn - Session establishment complete on server 127.0.0.1/127.0.0.1:4183, sessionid = 0x25b5c82db620000, negotiated timeout = 40000 
18:55:54.247 [main] INFO  o.s.j.e.a.AnnotationMBeanExporter - Registering beans for JMX exposure on startup 
18:55:54.256 [main] INFO  o.s.j.e.a.AnnotationMBeanExporter - Bean with name 'configurationPropertiesRebinder' has been autodetected for JMX exposure 
18:55:54.257 [main] INFO  o.s.j.e.a.AnnotationMBeanExporter - Bean with name 'refreshEndpoint' has been autodetected for JMX exposure 
18:55:54.257 [main] INFO  o.s.j.e.a.AnnotationMBeanExporter - Bean with name 'restartEndpoint' has been autodetected for JMX exposure 
18:55:54.258 [main] INFO  o.s.j.e.a.AnnotationMBeanExporter - Bean with name 'refreshScope' has been autodetected for JMX exposure 
18:55:54.259 [main] INFO  o.s.j.e.a.AnnotationMBeanExporter - Bean with name 'environmentManager' has been autodetected for JMX exposure 
18:55:54.261 [main] INFO  o.s.j.e.a.AnnotationMBeanExporter - Located managed bean 'environmentManager': registering with JMX server as MBean [org.springframework.cloud.context.environment:name=environmentManager,type=EnvironmentManager] 
18:55:54.446 [main] INFO  o.s.j.e.a.AnnotationMBeanExporter - Located managed bean 'refreshScope': registering with JMX server as MBean [org.springframework.cloud.context.scope.refresh:name=refreshScope,type=RefreshScope] 
18:55:54.460 [main] INFO  o.s.j.e.a.AnnotationMBeanExporter - Located managed bean 'restartEndpoint': registering with JMX server as MBean [org.springframework.cloud.context.restart:name=restartEndpoint,type=RestartEndpoint] 
18:55:54.471 [main] INFO  o.s.j.e.a.AnnotationMBeanExporter - Located managed bean 'refreshEndpoint': registering with JMX server as MBean [org.springframework.cloud.endpoint:name=refreshEndpoint,type=RefreshEndpoint] 
18:55:54.476 [main] INFO  o.s.j.e.a.AnnotationMBeanExporter - Located managed bean 'configurationPropertiesRebinder': registering with JMX server as MBean [org.springframework.cloud.context.properties:name=configurationPropertiesRebinder,context=323701e9,type=ConfigurationPropertiesRebinder] 
18:55:54.480 [main] INFO  o.s.b.a.e.jmx.EndpointMBeanExporter - Registering beans for JMX exposure on startup 
18:55:54.588 [main] INFO  o.s.c.s.DefaultLifecycleProcessor - Starting beans in phase 0 
18:55:54.589 [main] INFO  o.s.b.a.e.jmx.EndpointMBeanExporter - Located managed bean 'auditEventsEndpoint': registering with JMX server as MBean [org.springframework.boot:type=Endpoint,name=auditEventsEndpoint] 
18:55:54.593 [main] INFO  o.s.b.a.e.jmx.EndpointMBeanExporter - Located managed bean 'dubboEndpoint': registering with JMX server as MBean [org.springframework.boot:type=Endpoint,name=dubboEndpoint] 
18:55:54.601 [main] INFO  o.s.b.a.e.jmx.EndpointMBeanExporter - Located managed bean 'requestMappingEndpoint': registering with JMX server as MBean [org.springframework.boot:type=Endpoint,name=requestMappingEndpoint] 
18:55:54.604 [main] INFO  o.s.b.a.e.jmx.EndpointMBeanExporter - Located managed bean 'environmentEndpoint': registering with JMX server as MBean [org.springframework.boot:type=Endpoint,name=environmentEndpoint] 
18:55:54.607 [main] INFO  o.s.b.a.e.jmx.EndpointMBeanExporter - Located managed bean 'healthEndpoint': registering with JMX server as MBean [org.springframework.boot:type=Endpoint,name=healthEndpoint] 
18:55:54.611 [main] INFO  o.s.b.a.e.jmx.EndpointMBeanExporter - Located managed bean 'beansEndpoint': registering with JMX server as MBean [org.springframework.boot:type=Endpoint,name=beansEndpoint] 
18:55:54.614 [main] INFO  o.s.b.a.e.jmx.EndpointMBeanExporter - Located managed bean 'infoEndpoint': registering with JMX server as MBean [org.springframework.boot:type=Endpoint,name=infoEndpoint] 
18:55:54.617 [main] INFO  o.s.b.a.e.jmx.EndpointMBeanExporter - Located managed bean 'loggersEndpoint': registering with JMX server as MBean [org.springframework.boot:type=Endpoint,name=loggersEndpoint] 
18:55:54.623 [main] INFO  o.s.b.a.e.jmx.EndpointMBeanExporter - Located managed bean 'metricsEndpoint': registering with JMX server as MBean [org.springframework.boot:type=Endpoint,name=metricsEndpoint] 
18:55:54.625 [main] INFO  o.s.b.a.e.jmx.EndpointMBeanExporter - Located managed bean 'traceEndpoint': registering with JMX server as MBean [org.springframework.boot:type=Endpoint,name=traceEndpoint] 
18:55:54.628 [main] INFO  o.s.b.a.e.jmx.EndpointMBeanExporter - Located managed bean 'dumpEndpoint': registering with JMX server as MBean [org.springframework.boot:type=Endpoint,name=dumpEndpoint] 
18:55:54.631 [main] INFO  o.s.b.a.e.jmx.EndpointMBeanExporter - Located managed bean 'autoConfigurationReportEndpoint': registering with JMX server as MBean [org.springframework.boot:type=Endpoint,name=autoConfigurationReportEndpoint] 
18:55:54.634 [main] INFO  o.s.b.a.e.jmx.EndpointMBeanExporter - Located managed bean 'configurationPropertiesReportEndpoint': registering with JMX server as MBean [org.springframework.boot:type=Endpoint,name=configurationPropertiesReportEndpoint] 
18:55:54.638 [main] INFO  o.s.b.a.e.jmx.EndpointMBeanExporter - Located managed bean 'archaiusEndpoint': registering with JMX server as MBean [org.springframework.boot:type=Endpoint,name=archaiusEndpoint] 
18:55:54.663 [main] INFO  o.a.coyote.http11.Http11NioProtocol - Initializing ProtocolHandler ["http-nio-8081"] 
18:55:54.673 [main] INFO  o.a.coyote.http11.Http11NioProtocol - Starting ProtocolHandler [http-nio-8081] 
18:55:54.677 [main] INFO  o.a.tomcat.util.net.NioSelectorPool - Using a shared selector for servlet write/read 
18:55:54.696 [main] INFO  o.s.b.c.e.t.TomcatEmbeddedServletContainer - Tomcat started on port(s): 8081 (http) 
18:55:54.700 [main] INFO  c.b.d.provider.ProviderApplication - Started ProviderApplication in 9.973 seconds (JVM running for 10.662) 
19:36:08.365 [RMI TCP Connection(2)-192.168.1.188] INFO  o.s.b.a.SpringApplicationAdminMXBeanRegistrar$SpringApplicationAdmin - Application shutdown requested. 
19:36:08.366 [RMI TCP Connection(2)-192.168.1.188] INFO  o.s.b.c.e.AnnotationConfigEmbeddedWebApplicationContext - Closing org.springframework.boot.context.embedded.AnnotationConfigEmbeddedWebApplicationContext@323701e9: startup date [Wed Apr 12 18:55:46 CST 2017]; parent: org.springframework.context.annotation.AnnotationConfigApplicationContext@7a8e732a 
19:36:08.369 [RMI TCP Connection(2)-192.168.1.188] INFO  o.s.c.s.DefaultLifecycleProcessor - Stopping beans in phase 0 
19:36:08.375 [RMI TCP Connection(2)-192.168.1.188] INFO  o.s.b.a.e.jmx.EndpointMBeanExporter - Unregistering JMX-exposed beans on shutdown 
19:36:08.375 [RMI TCP Connection(2)-192.168.1.188] INFO  o.s.b.a.e.jmx.EndpointMBeanExporter - Unregistering JMX-exposed beans 
19:36:08.376 [RMI TCP Connection(2)-192.168.1.188] INFO  o.s.j.e.a.AnnotationMBeanExporter - Unregistering JMX-exposed beans on shutdown 
19:36:08.377 [RMI TCP Connection(2)-192.168.1.188] INFO  o.s.j.e.a.AnnotationMBeanExporter - Unregistering JMX-exposed beans 
19:36:08.481 [RMI TCP Connection(2)-192.168.1.188] INFO  o.a.coyote.http11.Http11NioProtocol - Pausing ProtocolHandler ["http-nio-8081"] 
19:36:08.691 [RMI TCP Connection(2)-192.168.1.188] INFO  o.a.catalina.core.StandardService - Stopping service Tomcat 
19:36:08.713 [RMI TCP Connection(2)-192.168.1.188] INFO  o.a.coyote.http11.Http11NioProtocol - Stopping ProtocolHandler ["http-nio-8081"] 
19:36:08.719 [RMI TCP Connection(2)-192.168.1.188] INFO  o.a.coyote.http11.Http11NioProtocol - Destroying ProtocolHandler ["http-nio-8081"] 
19:36:08.894 [DubboShutdownHook] INFO  org.apache.zookeeper.ZooKeeper - Session: 0x25b5c82db620000 closed 
19:36:08.894 [main-EventThread] INFO  org.apache.zookeeper.ClientCnxn - EventThread shut down 
19:36:40.997 [main] INFO  o.s.c.a.AnnotationConfigApplicationContext - Refreshing org.springframework.context.annotation.AnnotationConfigApplicationContext@30228830: startup date [Wed Apr 12 19:36:40 CST 2017]; root of context hierarchy 
19:36:41.256 [main] INFO  o.s.b.f.a.AutowiredAnnotationBeanPostProcessor - JSR-330 'javax.inject.Inject' annotation found and supported for autowiring 
19:36:41.269 [background-preinit] INFO  o.h.validator.internal.util.Version - HV000001: Hibernate Validator 5.3.4.Final 
19:36:41.287 [main] INFO  o.s.c.s.PostProcessorRegistrationDelegate$BeanPostProcessorChecker - Bean 'configurationPropertiesRebinderAutoConfiguration' of type [org.springframework.cloud.autoconfigure.ConfigurationPropertiesRebinderAutoConfiguration$$EnhancerBySpringCGLIB$$4edc2b62] is not eligible for getting processed by all BeanPostProcessors (for example: not eligible for auto-proxying) 
19:36:41.833 [main] INFO  c.b.d.provider.ProviderApplication - No active profile set, falling back to default profiles: default 
19:36:41.851 [main] INFO  o.s.b.c.e.AnnotationConfigEmbeddedWebApplicationContext - Refreshing org.springframework.boot.context.embedded.AnnotationConfigEmbeddedWebApplicationContext@573a6f6d: startup date [Wed Apr 12 19:36:41 CST 2017]; parent: org.springframework.context.annotation.AnnotationConfigApplicationContext@30228830 
19:36:42.718 [main] WARN  o.s.c.a.ConfigurationClassPostProcessor - Cannot enhance @Configuration bean definition 'refreshScope' since its singleton instance has been created too early. The typical cause is a non-static @Bean method with a BeanDefinitionRegistryPostProcessor return type: Consider declaring such methods as 'static'. 
19:36:42.906 [main] INFO  o.s.c.context.scope.GenericScope - BeanFactory id=2921d240-6b90-3f29-91d6-164adbbf7b04 
19:36:42.945 [main] INFO  o.s.b.f.a.AutowiredAnnotationBeanPostProcessor - JSR-330 'javax.inject.Inject' annotation found and supported for autowiring 
19:36:43.035 [main] INFO  o.s.c.s.PostProcessorRegistrationDelegate$BeanPostProcessorChecker - Bean 'org.springframework.transaction.annotation.ProxyTransactionManagementConfiguration' of type [org.springframework.transaction.annotation.ProxyTransactionManagementConfiguration$$EnhancerBySpringCGLIB$$32c22865] is not eligible for getting processed by all BeanPostProcessors (for example: not eligible for auto-proxying) 
19:36:43.068 [main] INFO  o.s.c.s.PostProcessorRegistrationDelegate$BeanPostProcessorChecker - Bean 'org.springframework.cloud.autoconfigure.ConfigurationPropertiesRebinderAutoConfiguration' of type [org.springframework.cloud.autoconfigure.ConfigurationPropertiesRebinderAutoConfiguration$$EnhancerBySpringCGLIB$$4edc2b62] is not eligible for getting processed by all BeanPostProcessors (for example: not eligible for auto-proxying) 
19:36:43.322 [main] INFO  o.s.b.c.e.t.TomcatEmbeddedServletContainer - Tomcat initialized with port(s): 8081 (http) 
19:36:43.332 [main] INFO  o.a.catalina.core.StandardService - Starting service Tomcat 
19:36:43.333 [main] INFO  o.a.catalina.core.StandardEngine - Starting Servlet Engine: Apache Tomcat/8.5.11 
19:36:43.453 [localhost-startStop-1] INFO  o.a.c.c.C.[Tomcat].[localhost].[/] - Initializing Spring embedded WebApplicationContext 
19:36:43.453 [localhost-startStop-1] INFO  o.s.web.context.ContextLoader - Root WebApplicationContext: initialization completed in 1602 ms 
19:36:43.739 [localhost-startStop-1] INFO  o.s.b.w.s.ServletRegistrationBean - Mapping servlet: 'dispatcherServlet' to [/] 
19:36:43.744 [localhost-startStop-1] INFO  o.s.b.w.s.FilterRegistrationBean - Mapping filter: 'metricsFilter' to: [/*] 
19:36:43.744 [localhost-startStop-1] INFO  o.s.b.w.s.FilterRegistrationBean - Mapping filter: 'characterEncodingFilter' to: [/*] 
19:36:43.744 [localhost-startStop-1] INFO  o.s.b.w.s.FilterRegistrationBean - Mapping filter: 'hiddenHttpMethodFilter' to: [/*] 
19:36:43.745 [localhost-startStop-1] INFO  o.s.b.w.s.FilterRegistrationBean - Mapping filter: 'httpPutFormContentFilter' to: [/*] 
19:36:43.745 [localhost-startStop-1] INFO  o.s.b.w.s.FilterRegistrationBean - Mapping filter: 'requestContextFilter' to: [/*] 
19:36:43.745 [localhost-startStop-1] INFO  o.s.b.w.s.FilterRegistrationBean - Mapping filter: 'webRequestLoggingFilter' to: [/*] 
19:36:43.745 [localhost-startStop-1] INFO  o.s.b.w.s.FilterRegistrationBean - Mapping filter: 'applicationContextIdFilter' to: [/*] 
19:36:44.167 [main] INFO  o.s.w.s.m.m.a.RequestMappingHandlerAdapter - Looking for @ControllerAdvice: org.springframework.boot.context.embedded.AnnotationConfigEmbeddedWebApplicationContext@573a6f6d: startup date [Wed Apr 12 19:36:41 CST 2017]; parent: org.springframework.context.annotation.AnnotationConfigApplicationContext@30228830 
19:36:44.291 [main] INFO  o.s.w.s.m.m.a.RequestMappingHandlerMapping - Mapped "{[/error]}" onto public org.springframework.http.ResponseEntity<java.util.Map<java.lang.String, java.lang.Object>> org.springframework.boot.autoconfigure.web.BasicErrorController.error(javax.servlet.http.HttpServletRequest) 
19:36:44.292 [main] INFO  o.s.w.s.m.m.a.RequestMappingHandlerMapping - Mapped "{[/error],produces=[text/html]}" onto public org.springframework.web.servlet.ModelAndView org.springframework.boot.autoconfigure.web.BasicErrorController.errorHtml(javax.servlet.http.HttpServletRequest,javax.servlet.http.HttpServletResponse) 
19:36:44.347 [main] INFO  o.s.w.s.h.SimpleUrlHandlerMapping - Mapped URL path [/webjars/**] onto handler of type [class org.springframework.web.servlet.resource.ResourceHttpRequestHandler] 
19:36:44.347 [main] INFO  o.s.w.s.h.SimpleUrlHandlerMapping - Mapped URL path [/**] onto handler of type [class org.springframework.web.servlet.resource.ResourceHttpRequestHandler] 
19:36:44.402 [main] INFO  o.s.w.s.h.SimpleUrlHandlerMapping - Mapped URL path [/**/favicon.ico] onto handler of type [class org.springframework.web.servlet.resource.ResourceHttpRequestHandler] 
19:36:44.486 [main] WARN  o.s.b.c.e.AnnotationConfigEmbeddedWebApplicationContext - Exception encountered during context initialization - cancelling refresh attempt: org.springframework.beans.factory.BeanCreationException: Error creating bean with name 'dataSource' defined in class path resource [org/springframework/boot/autoconfigure/jdbc/DataSourceConfiguration$Tomcat.class]: Bean instantiation via factory method failed; nested exception is org.springframework.beans.BeanInstantiationException: Failed to instantiate [org.apache.tomcat.jdbc.pool.DataSource]: Factory method 'dataSource' threw exception; nested exception is org.springframework.boot.autoconfigure.jdbc.DataSourceProperties$DataSourceBeanCreationException: Cannot determine embedded database driver class for database type NONE. If you want an embedded database please put a supported one on the classpath. If you have database settings to be loaded from a particular profile you may need to active it (no profiles are currently active). 
19:36:44.489 [main] INFO  o.a.catalina.core.StandardService - Stopping service Tomcat 
19:36:44.619 [main] INFO  o.s.b.a.l.AutoConfigurationReportLoggingInitializer - 

Error starting ApplicationContext. To display the auto-configuration report re-run your application with 'debug' enabled. 
19:36:44.625 [main] ERROR o.s.b.d.LoggingFailureAnalysisReporter - 

***************************
APPLICATION FAILED TO START
***************************

Description:

Cannot determine embedded database driver class for database type NONE

Action:

If you want an embedded database please put a supported one on the classpath. If you have database settings to be loaded from a particular profile you may need to active it (no profiles are currently active).
 
19:40:30.698 [main] INFO  o.s.c.a.AnnotationConfigApplicationContext - Refreshing org.springframework.context.annotation.AnnotationConfigApplicationContext@447a195c: startup date [Wed Apr 12 19:40:30 CST 2017]; root of context hierarchy 
19:40:30.942 [main] INFO  o.s.b.f.a.AutowiredAnnotationBeanPostProcessor - JSR-330 'javax.inject.Inject' annotation found and supported for autowiring 
19:40:30.963 [background-preinit] INFO  o.h.validator.internal.util.Version - HV000001: Hibernate Validator 5.3.4.Final 
19:40:30.975 [main] INFO  o.s.c.s.PostProcessorRegistrationDelegate$BeanPostProcessorChecker - Bean 'configurationPropertiesRebinderAutoConfiguration' of type [org.springframework.cloud.autoconfigure.ConfigurationPropertiesRebinderAutoConfiguration$$EnhancerBySpringCGLIB$$bef7717b] is not eligible for getting processed by all BeanPostProcessors (for example: not eligible for auto-proxying) 
19:40:31.522 [main] INFO  c.b.d.provider.ProviderApplication - No active profile set, falling back to default profiles: default 
19:40:31.538 [main] INFO  o.s.b.c.e.AnnotationConfigEmbeddedWebApplicationContext - Refreshing org.springframework.boot.context.embedded.AnnotationConfigEmbeddedWebApplicationContext@2ea64162: startup date [Wed Apr 12 19:40:31 CST 2017]; parent: org.springframework.context.annotation.AnnotationConfigApplicationContext@447a195c 
19:40:32.410 [main] WARN  o.s.c.a.ConfigurationClassPostProcessor - Cannot enhance @Configuration bean definition 'refreshScope' since its singleton instance has been created too early. The typical cause is a non-static @Bean method with a BeanDefinitionRegistryPostProcessor return type: Consider declaring such methods as 'static'. 
19:40:32.598 [main] INFO  o.s.c.context.scope.GenericScope - BeanFactory id=2921d240-6b90-3f29-91d6-164adbbf7b04 
19:40:32.638 [main] INFO  o.s.b.f.a.AutowiredAnnotationBeanPostProcessor - JSR-330 'javax.inject.Inject' annotation found and supported for autowiring 
19:40:32.728 [main] INFO  o.s.c.s.PostProcessorRegistrationDelegate$BeanPostProcessorChecker - Bean 'org.springframework.transaction.annotation.ProxyTransactionManagementConfiguration' of type [org.springframework.transaction.annotation.ProxyTransactionManagementConfiguration$$EnhancerBySpringCGLIB$$a2dd6e7e] is not eligible for getting processed by all BeanPostProcessors (for example: not eligible for auto-proxying) 
19:40:32.762 [main] INFO  o.s.c.s.PostProcessorRegistrationDelegate$BeanPostProcessorChecker - Bean 'org.springframework.cloud.autoconfigure.ConfigurationPropertiesRebinderAutoConfiguration' of type [org.springframework.cloud.autoconfigure.ConfigurationPropertiesRebinderAutoConfiguration$$EnhancerBySpringCGLIB$$bef7717b] is not eligible for getting processed by all BeanPostProcessors (for example: not eligible for auto-proxying) 
19:40:33.019 [main] INFO  o.s.b.c.e.t.TomcatEmbeddedServletContainer - Tomcat initialized with port(s): 8081 (http) 
19:40:33.033 [main] INFO  o.a.catalina.core.StandardService - Starting service Tomcat 
19:40:33.034 [main] INFO  o.a.catalina.core.StandardEngine - Starting Servlet Engine: Apache Tomcat/8.5.11 
19:40:33.151 [localhost-startStop-1] INFO  o.a.c.c.C.[Tomcat].[localhost].[/] - Initializing Spring embedded WebApplicationContext 
19:40:33.152 [localhost-startStop-1] INFO  o.s.web.context.ContextLoader - Root WebApplicationContext: initialization completed in 1613 ms 
19:40:33.432 [localhost-startStop-1] INFO  o.s.b.w.s.ServletRegistrationBean - Mapping servlet: 'dispatcherServlet' to [/] 
19:40:33.436 [localhost-startStop-1] INFO  o.s.b.w.s.FilterRegistrationBean - Mapping filter: 'metricsFilter' to: [/*] 
19:40:33.437 [localhost-startStop-1] INFO  o.s.b.w.s.FilterRegistrationBean - Mapping filter: 'characterEncodingFilter' to: [/*] 
19:40:33.437 [localhost-startStop-1] INFO  o.s.b.w.s.FilterRegistrationBean - Mapping filter: 'hiddenHttpMethodFilter' to: [/*] 
19:40:33.437 [localhost-startStop-1] INFO  o.s.b.w.s.FilterRegistrationBean - Mapping filter: 'httpPutFormContentFilter' to: [/*] 
19:40:33.437 [localhost-startStop-1] INFO  o.s.b.w.s.FilterRegistrationBean - Mapping filter: 'requestContextFilter' to: [/*] 
19:40:33.438 [localhost-startStop-1] INFO  o.s.b.w.s.FilterRegistrationBean - Mapping filter: 'webRequestLoggingFilter' to: [/*] 
19:40:33.438 [localhost-startStop-1] INFO  o.s.b.w.s.FilterRegistrationBean - Mapping filter: 'applicationContextIdFilter' to: [/*] 
19:40:33.862 [main] INFO  o.s.w.s.m.m.a.RequestMappingHandlerAdapter - Looking for @ControllerAdvice: org.springframework.boot.context.embedded.AnnotationConfigEmbeddedWebApplicationContext@2ea64162: startup date [Wed Apr 12 19:40:31 CST 2017]; parent: org.springframework.context.annotation.AnnotationConfigApplicationContext@447a195c 
19:40:33.988 [main] INFO  o.s.w.s.m.m.a.RequestMappingHandlerMapping - Mapped "{[/error]}" onto public org.springframework.http.ResponseEntity<java.util.Map<java.lang.String, java.lang.Object>> org.springframework.boot.autoconfigure.web.BasicErrorController.error(javax.servlet.http.HttpServletRequest) 
19:40:33.990 [main] INFO  o.s.w.s.m.m.a.RequestMappingHandlerMapping - Mapped "{[/error],produces=[text/html]}" onto public org.springframework.web.servlet.ModelAndView org.springframework.boot.autoconfigure.web.BasicErrorController.errorHtml(javax.servlet.http.HttpServletRequest,javax.servlet.http.HttpServletResponse) 
19:40:34.043 [main] INFO  o.s.w.s.h.SimpleUrlHandlerMapping - Mapped URL path [/webjars/**] onto handler of type [class org.springframework.web.servlet.resource.ResourceHttpRequestHandler] 
19:40:34.044 [main] INFO  o.s.w.s.h.SimpleUrlHandlerMapping - Mapped URL path [/**] onto handler of type [class org.springframework.web.servlet.resource.ResourceHttpRequestHandler] 
19:40:34.101 [main] INFO  o.s.w.s.h.SimpleUrlHandlerMapping - Mapped URL path [/**/favicon.ico] onto handler of type [class org.springframework.web.servlet.resource.ResourceHttpRequestHandler] 
19:40:34.816 [main] INFO  o.s.b.a.e.m.EndpointHandlerMapping - Mapped "{[/configprops || /configprops.json],methods=[GET],produces=[application/vnd.spring-boot.actuator.v1+json || application/json]}" onto public java.lang.Object org.springframework.boot.actuate.endpoint.mvc.EndpointMvcAdapter.invoke() 
19:40:34.817 [main] INFO  o.s.b.a.e.m.EndpointHandlerMapping - Mapped "{[/pause || /pause.json],methods=[POST]}" onto public java.lang.Object org.springframework.cloud.endpoint.GenericPostableMvcEndpoint.invoke() 
19:40:34.818 [main] INFO  o.s.b.a.e.m.EndpointHandlerMapping - Mapped "{[/trace || /trace.json],methods=[GET],produces=[application/vnd.spring-boot.actuator.v1+json || application/json]}" onto public java.lang.Object org.springframework.boot.actuate.endpoint.mvc.EndpointMvcAdapter.invoke() 
19:40:34.819 [main] INFO  o.s.b.a.e.m.EndpointHandlerMapping - Mapped "{[/mappings || /mappings.json],methods=[GET],produces=[application/vnd.spring-boot.actuator.v1+json || application/json]}" onto public java.lang.Object org.springframework.boot.actuate.endpoint.mvc.EndpointMvcAdapter.invoke() 
19:40:34.820 [main] INFO  o.s.b.a.e.m.EndpointHandlerMapping - Mapped "{[/archaius || /archaius.json],methods=[GET],produces=[application/vnd.spring-boot.actuator.v1+json || application/json]}" onto public java.lang.Object org.springframework.boot.actuate.endpoint.mvc.EndpointMvcAdapter.invoke() 
19:40:34.821 [main] INFO  o.s.b.a.e.m.EndpointHandlerMapping - Mapped "{[/info || /info.json],methods=[GET],produces=[application/vnd.spring-boot.actuator.v1+json || application/json]}" onto public java.lang.Object org.springframework.boot.actuate.endpoint.mvc.EndpointMvcAdapter.invoke() 
19:40:34.822 [main] INFO  o.s.b.a.e.m.EndpointHandlerMapping - Mapped "{[/dubbo || /dubbo.json],methods=[GET],produces=[application/vnd.spring-boot.actuator.v1+json || application/json]}" onto public java.lang.Object org.springframework.boot.actuate.endpoint.mvc.EndpointMvcAdapter.invoke() 
19:40:34.823 [main] INFO  o.s.b.a.e.m.EndpointHandlerMapping - Mapped "{[/env],methods=[POST]}" onto public java.lang.Object org.springframework.cloud.context.environment.EnvironmentManagerMvcEndpoint.value(java.util.Map<java.lang.String, java.lang.String>) 
19:40:34.824 [main] INFO  o.s.b.a.e.m.EndpointHandlerMapping - Mapped "{[/env/reset],methods=[POST]}" onto public java.util.Map<java.lang.String, java.lang.Object> org.springframework.cloud.context.environment.EnvironmentManagerMvcEndpoint.reset() 
19:40:34.827 [main] INFO  o.s.b.a.e.m.EndpointHandlerMapping - Mapped "{[/loggers/{name:.*}],methods=[GET],produces=[application/vnd.spring-boot.actuator.v1+json || application/json]}" onto public java.lang.Object org.springframework.boot.actuate.endpoint.mvc.LoggersMvcEndpoint.get(java.lang.String) 
19:40:34.828 [main] INFO  o.s.b.a.e.m.EndpointHandlerMapping - Mapped "{[/loggers/{name:.*}],methods=[POST],consumes=[application/vnd.spring-boot.actuator.v1+json || application/json],produces=[application/vnd.spring-boot.actuator.v1+json || application/json]}" onto public java.lang.Object org.springframework.boot.actuate.endpoint.mvc.LoggersMvcEndpoint.set(java.lang.String,java.util.Map<java.lang.String, java.lang.String>) 
19:40:34.828 [main] INFO  o.s.b.a.e.m.EndpointHandlerMapping - Mapped "{[/loggers || /loggers.json],methods=[GET],produces=[application/vnd.spring-boot.actuator.v1+json || application/json]}" onto public java.lang.Object org.springframework.boot.actuate.endpoint.mvc.EndpointMvcAdapter.invoke() 
19:40:34.829 [main] INFO  o.s.b.a.e.m.EndpointHandlerMapping - Mapped "{[/heapdump || /heapdump.json],methods=[GET],produces=[application/octet-stream]}" onto public void org.springframework.boot.actuate.endpoint.mvc.HeapdumpMvcEndpoint.invoke(boolean,javax.servlet.http.HttpServletRequest,javax.servlet.http.HttpServletResponse) throws java.io.IOException,javax.servlet.ServletException 
19:40:34.831 [main] INFO  o.s.b.a.e.m.EndpointHandlerMapping - Mapped "{[/env/{name:.*}],methods=[GET],produces=[application/vnd.spring-boot.actuator.v1+json || application/json]}" onto public java.lang.Object org.springframework.boot.actuate.endpoint.mvc.EnvironmentMvcEndpoint.value(java.lang.String) 
19:40:34.831 [main] INFO  o.s.b.a.e.m.EndpointHandlerMapping - Mapped "{[/env || /env.json],methods=[GET],produces=[application/vnd.spring-boot.actuator.v1+json || application/json]}" onto public java.lang.Object org.springframework.boot.actuate.endpoint.mvc.EndpointMvcAdapter.invoke() 
19:40:34.832 [main] INFO  o.s.b.a.e.m.EndpointHandlerMapping - Mapped "{[/restart || /restart.json],methods=[POST]}" onto public java.lang.Object org.springframework.cloud.context.restart.RestartMvcEndpoint.invoke() 
19:40:34.833 [main] INFO  o.s.b.a.e.m.EndpointHandlerMapping - Mapped "{[/dump || /dump.json],methods=[GET],produces=[application/vnd.spring-boot.actuator.v1+json || application/json]}" onto public java.lang.Object org.springframework.boot.actuate.endpoint.mvc.EndpointMvcAdapter.invoke() 
19:40:34.834 [main] INFO  o.s.b.a.e.m.EndpointHandlerMapping - Mapped "{[/refresh || /refresh.json],methods=[POST]}" onto public java.lang.Object org.springframework.cloud.endpoint.GenericPostableMvcEndpoint.invoke() 
19:40:34.835 [main] INFO  o.s.b.a.e.m.EndpointHandlerMapping - Mapped "{[/health || /health.json],methods=[GET],produces=[application/vnd.spring-boot.actuator.v1+json || application/json]}" onto public java.lang.Object org.springframework.boot.actuate.endpoint.mvc.HealthMvcEndpoint.invoke(javax.servlet.http.HttpServletRequest,java.security.Principal) 
19:40:34.836 [main] INFO  o.s.b.a.e.m.EndpointHandlerMapping - Mapped "{[/metrics/{name:.*}],methods=[GET],produces=[application/vnd.spring-boot.actuator.v1+json || application/json]}" onto public java.lang.Object org.springframework.boot.actuate.endpoint.mvc.MetricsMvcEndpoint.value(java.lang.String) 
19:40:34.837 [main] INFO  o.s.b.a.e.m.EndpointHandlerMapping - Mapped "{[/metrics || /metrics.json],methods=[GET],produces=[application/vnd.spring-boot.actuator.v1+json || application/json]}" onto public java.lang.Object org.springframework.boot.actuate.endpoint.mvc.EndpointMvcAdapter.invoke() 
19:40:34.838 [main] INFO  o.s.b.a.e.m.EndpointHandlerMapping - Mapped "{[/beans || /beans.json],methods=[GET],produces=[application/vnd.spring-boot.actuator.v1+json || application/json]}" onto public java.lang.Object org.springframework.boot.actuate.endpoint.mvc.EndpointMvcAdapter.invoke() 
19:40:34.840 [main] INFO  o.s.b.a.e.m.EndpointHandlerMapping - Mapped "{[/resume || /resume.json],methods=[POST]}" onto public java.lang.Object org.springframework.cloud.endpoint.GenericPostableMvcEndpoint.invoke() 
19:40:34.841 [main] INFO  o.s.b.a.e.m.EndpointHandlerMapping - Mapped "{[/auditevents || /auditevents.json],methods=[GET],produces=[application/vnd.spring-boot.actuator.v1+json || application/json]}" onto public org.springframework.http.ResponseEntity<?> org.springframework.boot.actuate.endpoint.mvc.AuditEventsMvcEndpoint.findByPrincipalAndAfterAndType(java.lang.String,java.util.Date,java.lang.String) 
19:40:34.842 [main] INFO  o.s.b.a.e.m.EndpointHandlerMapping - Mapped "{[/autoconfig || /autoconfig.json],methods=[GET],produces=[application/vnd.spring-boot.actuator.v1+json || application/json]}" onto public java.lang.Object org.springframework.boot.actuate.endpoint.mvc.EndpointMvcAdapter.invoke() 
19:40:35.081 [main] WARN  o.s.c.n.a.ArchaiusAutoConfiguration - No spring.application.name found, defaulting to 'application' 
19:40:35.085 [main] WARN  c.n.c.s.URLConfigurationSource - No URLs will be polled as dynamic configuration sources. 
19:40:35.085 [main] INFO  c.n.c.s.URLConfigurationSource - To enable URLs as dynamic configuration sources, define System property archaius.configurationSource.additionalUrls or make config.properties available on classpath. 
19:40:35.092 [main] WARN  c.n.c.s.URLConfigurationSource - No URLs will be polled as dynamic configuration sources. 
19:40:35.092 [main] INFO  c.n.c.s.URLConfigurationSource - To enable URLs as dynamic configuration sources, define System property archaius.configurationSource.additionalUrls or make config.properties available on classpath. 
19:40:35.922 [main] INFO  org.apache.zookeeper.ZooKeeper - Client environment:zookeeper.version=3.4.5-1392090, built on 09/30/2012 17:52 GMT 
19:40:35.923 [main] INFO  org.apache.zookeeper.ZooKeeper - Client environment:host.name=PC-20150920016 
19:40:35.923 [main] INFO  org.apache.zookeeper.ZooKeeper - Client environment:java.version=1.7.0_79 
19:40:35.923 [main] INFO  org.apache.zookeeper.ZooKeeper - Client environment:java.vendor=Oracle Corporation 
19:40:35.923 [main] INFO  org.apache.zookeeper.ZooKeeper - Client environment:java.home=C:\Java\jdk1.7.0_79\jre 
19:40:35.923 [main] INFO  org.apache.zookeeper.ZooKeeper - Client environment:java.class.path=F:\boot\boot_dubbo_master\boot_dubbo_provider\target\classes;F:\boot\boot_dubbo_master\boot_dubbo_service\target\classes;F:\home\yizhenn\.m2\repository\com\alibaba\spring-boot-starter-dubbo\1.5.2.RELEASE\spring-boot-starter-dubbo-1.5.2.RELEASE.jar;F:\home\yizhenn\.m2\repository\org\apache\httpcomponents\httpclient\4.5.3\httpclient-4.5.3.jar;F:\home\yizhenn\.m2\repository\org\apache\httpcomponents\httpcore\4.4.6\httpcore-4.4.6.jar;F:\home\yizhenn\.m2\repository\commons-codec\commons-codec\1.10\commons-codec-1.10.jar;F:\home\yizhenn\.m2\repository\org\springframework\cloud\spring-cloud-starter-feign\1.2.6.RELEASE\spring-cloud-starter-feign-1.2.6.RELEASE.jar;F:\home\yizhenn\.m2\repository\org\springframework\cloud\spring-cloud-starter\1.1.8.RELEASE\spring-cloud-starter-1.1.8.RELEASE.jar;F:\home\yizhenn\.m2\repository\org\springframework\cloud\spring-cloud-context\1.1.8.RELEASE\spring-cloud-context-1.1.8.RELEASE.jar;F:\home\yizhenn\.m2\repository\org\springframework\security\spring-security-rsa\1.0.3.RELEASE\spring-security-rsa-1.0.3.RELEASE.jar;F:\home\yizhenn\.m2\repository\org\bouncycastle\bcpkix-jdk15on\1.55\bcpkix-jdk15on-1.55.jar;F:\home\yizhenn\.m2\repository\org\bouncycastle\bcprov-jdk15on\1.55\bcprov-jdk15on-1.55.jar;F:\home\yizhenn\.m2\repository\org\springframework\cloud\spring-cloud-netflix-core\1.2.6.RELEASE\spring-cloud-netflix-core-1.2.6.RELEASE.jar;F:\home\yizhenn\.m2\repository\org\springframework\cloud\spring-cloud-commons\1.1.8.RELEASE\spring-cloud-commons-1.1.8.RELEASE.jar;F:\home\yizhenn\.m2\repository\org\springframework\security\spring-security-crypto\4.2.2.RELEASE\spring-security-crypto-4.2.2.RELEASE.jar;F:\home\yizhenn\.m2\repository\io\github\openfeign\feign-core\9.3.1\feign-core-9.3.1.jar;F:\home\yizhenn\.m2\repository\org\jvnet\animal-sniffer-annotation\1.0\animal-sniffer-annotation-1.0.jar;F:\home\yizhenn\.m2\repository\io\github\openfeign\feign-slf4j\9.3.1\feign-slf4j-9.3.1.jar;F:\home\yizhenn\.m2\repository\io\github\openfeign\feign-hystrix\9.3.1\feign-hystrix-9.3.1.jar;F:\home\yizhenn\.m2\repository\com\netflix\hystrix\hystrix-core\1.4.26\hystrix-core-1.4.26.jar;F:\home\yizhenn\.m2\repository\org\springframework\cloud\spring-cloud-starter-ribbon\1.2.6.RELEASE\spring-cloud-starter-ribbon-1.2.6.RELEASE.jar;F:\home\yizhenn\.m2\repository\com\netflix\ribbon\ribbon\2.2.0\ribbon-2.2.0.jar;F:\home\yizhenn\.m2\repository\com\netflix\ribbon\ribbon-transport\2.2.0\ribbon-transport-2.2.0.jar;F:\home\yizhenn\.m2\repository\io\reactivex\rxnetty-contexts\0.4.9\rxnetty-contexts-0.4.9.jar;F:\home\yizhenn\.m2\repository\io\reactivex\rxnetty-servo\0.4.9\rxnetty-servo-0.4.9.jar;F:\home\yizhenn\.m2\repository\javax\inject\javax.inject\1\javax.inject-1.jar;F:\home\yizhenn\.m2\repository\io\reactivex\rxnetty\0.4.9\rxnetty-0.4.9.jar;F:\home\yizhenn\.m2\repository\io\netty\netty-codec-http\4.0.27.Final\netty-codec-http-4.0.27.Final.jar;F:\home\yizhenn\.m2\repository\io\netty\netty-codec\4.0.27.Final\netty-codec-4.0.27.Final.jar;F:\home\yizhenn\.m2\repository\io\netty\netty-handler\4.0.27.Final\netty-handler-4.0.27.Final.jar;F:\home\yizhenn\.m2\repository\io\netty\netty-transport-native-epoll\4.0.27.Final\netty-transport-native-epoll-4.0.27.Final.jar;F:\home\yizhenn\.m2\repository\io\netty\netty-common\4.0.27.Final\netty-common-4.0.27.Final.jar;F:\home\yizhenn\.m2\repository\io\netty\netty-buffer\4.0.27.Final\netty-buffer-4.0.27.Final.jar;F:\home\yizhenn\.m2\repository\io\netty\netty-transport\4.0.27.Final\netty-transport-4.0.27.Final.jar;F:\home\yizhenn\.m2\repository\com\netflix\ribbon\ribbon-core\2.2.0\ribbon-core-2.2.0.jar;F:\home\yizhenn\.m2\repository\commons-lang\commons-lang\2.6\commons-lang-2.6.jar;F:\home\yizhenn\.m2\repository\com\netflix\ribbon\ribbon-httpclient\2.2.0\ribbon-httpclient-2.2.0.jar;F:\home\yizhenn\.m2\repository\commons-collections\commons-collections\3.2.2\commons-collections-3.2.2.jar;F:\home\yizhenn\.m2\repository\com\sun\jersey\jersey-client\1.19.1\jersey-client-1.19.1.jar;F:\home\yizhenn\.m2\repository\com\sun\jersey\jersey-core\1.19.1\jersey-core-1.19.1.jar;F:\home\yizhenn\.m2\repository\javax\ws\rs\jsr311-api\1.1.1\jsr311-api-1.1.1.jar;F:\home\yizhenn\.m2\repository\com\sun\jersey\contribs\jersey-apache-client4\1.19.1\jersey-apache-client4-1.19.1.jar;F:\home\yizhenn\.m2\repository\com\netflix\servo\servo-core\0.10.1\servo-core-0.10.1.jar;F:\home\yizhenn\.m2\repository\com\netflix\servo\servo-internal\0.10.1\servo-internal-0.10.1.jar;F:\home\yizhenn\.m2\repository\com\netflix\netflix-commons\netflix-commons-util\0.1.1\netflix-commons-util-0.1.1.jar;F:\home\yizhenn\.m2\repository\com\netflix\ribbon\ribbon-loadbalancer\2.2.0\ribbon-loadbalancer-2.2.0.jar;F:\home\yizhenn\.m2\repository\com\netflix\netflix-commons\netflix-statistics\0.1.1\netflix-statistics-0.1.1.jar;F:\home\yizhenn\.m2\repository\io\reactivex\rxjava\1.1.10\rxjava-1.1.10.jar;F:\home\yizhenn\.m2\repository\org\springframework\cloud\spring-cloud-starter-archaius\1.2.6.RELEASE\spring-cloud-starter-archaius-1.2.6.RELEASE.jar;F:\home\yizhenn\.m2\repository\com\netflix\archaius\archaius-core\0.7.4\archaius-core-0.7.4.jar;F:\home\yizhenn\.m2\repository\com\google\code\findbugs\jsr305\3.0.1\jsr305-3.0.1.jar;F:\home\yizhenn\.m2\repository\commons-configuration\commons-configuration\1.8\commons-configuration-1.8.jar;F:\home\yizhenn\.m2\repository\io\github\openfeign\feign-httpclient\9.3.1\feign-httpclient-9.3.1.jar;F:\home\yizhenn\.m2\repository\com\alibaba\dubbo\2.8.5-SNAPSHOT\dubbo-2.8.5-SNAPSHOT.jar;F:\home\yizhenn\.m2\repository\commons-logging\commons-logging\1.1.3\commons-logging-1.1.3.jar;F:\home\yizhenn\.m2\repository\aopalliance\aopalliance\1.0\aopalliance-1.0.jar;F:\home\yizhenn\.m2\repository\io\netty\netty\3.7.0.Final\netty-3.7.0.Final.jar;F:\home\yizhenn\.m2\repository\log4j\log4j\1.2.16\log4j-1.2.16.jar;F:\home\yizhenn\.m2\repository\org\javassist\javassist\3.21.0-GA\javassist-3.21.0-GA.jar;F:\home\yizhenn\.m2\repository\org\apache\curator\curator-framework\2.5.0\curator-framework-2.5.0.jar;F:\home\yizhenn\.m2\repository\org\apache\curator\curator-client\2.5.0\curator-client-2.5.0.jar;F:\home\yizhenn\.m2\repository\org\slf4j\slf4j-api\1.7.24\slf4j-api-1.7.24.jar;F:\home\yizhenn\.m2\repository\com\google\guava\guava\16.0.1\guava-16.0.1.jar;F:\home\yizhenn\.m2\repository\com\github\sgroschupf\zkclient\0.1\zkclient-0.1.jar;F:\home\yizhenn\.m2\repository\org\apache\zookeeper\zookeeper\3.4.5\zookeeper-3.4.5.jar;F:\home\yizhenn\.m2\repository\jline\jline\0.9.94\jline-0.9.94.jar;F:\home\yizhenn\.m2\repository\org\springframework\boot\spring-boot-starter-jdbc\1.5.2.RELEASE\spring-boot-starter-jdbc-1.5.2.RELEASE.jar;F:\home\yizhenn\.m2\repository\org\springframework\boot\spring-boot-starter\1.5.2.RELEASE\spring-boot-starter-1.5.2.RELEASE.jar;F:\home\yizhenn\.m2\repository\org\springframework\boot\spring-boot-starter-logging\1.5.2.RELEASE\spring-boot-starter-logging-1.5.2.RELEASE.jar;F:\home\yizhenn\.m2\repository\ch\qos\logback\logback-classic\1.1.11\logback-classic-1.1.11.jar;F:\home\yizhenn\.m2\repository\ch\qos\logback\logback-core\1.1.11\logback-core-1.1.11.jar;F:\home\yizhenn\.m2\repository\org\slf4j\jcl-over-slf4j\1.7.24\jcl-over-slf4j-1.7.24.jar;F:\home\yizhenn\.m2\repository\org\slf4j\jul-to-slf4j\1.7.24\jul-to-slf4j-1.7.24.jar;F:\home\yizhenn\.m2\repository\org\slf4j\log4j-over-slf4j\1.7.24\log4j-over-slf4j-1.7.24.jar;F:\home\yizhenn\.m2\repository\org\yaml\snakeyaml\1.17\snakeyaml-1.17.jar;F:\home\yizhenn\.m2\repository\org\apache\tomcat\tomcat-jdbc\8.5.11\tomcat-jdbc-8.5.11.jar;F:\home\yizhenn\.m2\repository\org\apache\tomcat\tomcat-juli\8.5.11\tomcat-juli-8.5.11.jar;F:\home\yizhenn\.m2\repository\org\springframework\spring-jdbc\4.3.7.RELEASE\spring-jdbc-4.3.7.RELEASE.jar;F:\home\yizhenn\.m2\repository\org\springframework\spring-beans\4.3.7.RELEASE\spring-beans-4.3.7.RELEASE.jar;F:\home\yizhenn\.m2\repository\org\springframework\spring-tx\4.3.7.RELEASE\spring-tx-4.3.7.RELEASE.jar;F:\home\yizhenn\.m2\repository\mysql\mysql-connector-java\5.1.28\mysql-connector-java-5.1.28.jar;F:\home\yizhenn\.m2\repository\org\springframework\boot\spring-boot-starter-web\1.5.2.RELEASE\spring-boot-starter-web-1.5.2.RELEASE.jar;F:\home\yizhenn\.m2\repository\org\springframework\boot\spring-boot-starter-tomcat\1.5.2.RELEASE\spring-boot-starter-tomcat-1.5.2.RELEASE.jar;F:\home\yizhenn\.m2\repository\org\apache\tomcat\embed\tomcat-embed-core\8.5.11\tomcat-embed-core-8.5.11.jar;F:\home\yizhenn\.m2\repository\org\apache\tomcat\embed\tomcat-embed-el\8.5.11\tomcat-embed-el-8.5.11.jar;F:\home\yizhenn\.m2\repository\org\apache\tomcat\embed\tomcat-embed-websocket\8.5.11\tomcat-embed-websocket-8.5.11.jar;F:\home\yizhenn\.m2\repository\org\hibernate\hibernate-validator\5.3.4.Final\hibernate-validator-5.3.4.Final.jar;F:\home\yizhenn\.m2\repository\javax\validation\validation-api\1.1.0.Final\validation-api-1.1.0.Final.jar;F:\home\yizhenn\.m2\repository\org\jboss\logging\jboss-logging\3.3.0.Final\jboss-logging-3.3.0.Final.jar;F:\home\yizhenn\.m2\repository\com\fasterxml\classmate\1.3.3\classmate-1.3.3.jar;F:\home\yizhenn\.m2\repository\com\fasterxml\jackson\core\jackson-databind\2.8.7\jackson-databind-2.8.7.jar;F:\home\yizhenn\.m2\repository\com\fasterxml\jackson\core\jackson-annotations\2.8.0\jackson-annotations-2.8.0.jar;F:\home\yizhenn\.m2\repository\com\fasterxml\jackson\core\jackson-core\2.8.7\jackson-core-2.8.7.jar;F:\home\yizhenn\.m2\repository\org\springframework\spring-web\4.3.7.RELEASE\spring-web-4.3.7.RELEASE.jar;F:\home\yizhenn\.m2\repository\org\springframework\spring-aop\4.3.7.RELEASE\spring-aop-4.3.7.RELEASE.jar;F:\home\yizhenn\.m2\repository\org\springframework\spring-webmvc\4.3.7.RELEASE\spring-webmvc-4.3.7.RELEASE.jar;F:\home\yizhenn\.m2\repository\org\springframework\spring-expression\4.3.7.RELEASE\spring-expression-4.3.7.RELEASE.jar;F:\home\yizhenn\.m2\repository\junit\junit\4.12\junit-4.12.jar;F:\home\yizhenn\.m2\repository\org\hamcrest\hamcrest-core\1.3\hamcrest-core-1.3.jar;F:\home\yizhenn\.m2\repository\org\springframework\spring-core\4.3.7.RELEASE\spring-core-4.3.7.RELEASE.jar;F:\home\yizhenn\.m2\repository\org\springframework\boot\spring-boot-actuator\1.5.2.RELEASE\spring-boot-actuator-1.5.2.RELEASE.jar;F:\home\yizhenn\.m2\repository\org\springframework\boot\spring-boot\1.5.2.RELEASE\spring-boot-1.5.2.RELEASE.jar;F:\home\yizhenn\.m2\repository\org\springframework\boot\spring-boot-autoconfigure\1.5.2.RELEASE\spring-boot-autoconfigure-1.5.2.RELEASE.jar;F:\home\yizhenn\.m2\repository\org\springframework\spring-context\4.3.7.RELEASE\spring-context-4.3.7.RELEASE.jar 
19:40:35.924 [main] INFO  org.apache.zookeeper.ZooKeeper - Client environment:java.library.path=C:\Java\jdk1.7.0_79\bin;C:\Windows\Sun\Java\bin;C:\Windows\system32;C:\Windows;C:/Java/jdk1.7.0_79/bin/../jre/bin/server;C:/Java/jdk1.7.0_79/bin/../jre/bin;C:/Java/jdk1.7.0_79/bin/../jre/lib/amd64;F:\apache-maven\bin;C:\Java\jdk1.7.0_79\bin;C:\Windows\system32;C:\Windows;C:\Windows\System32\Wbem;C:\Windows\System32\WindowsPowerShell\v1.0\;C:\Program Files (x86)\MySQL\MySQL Server 5.1\bin;C:\Program Files (x86)\VisualSVN Server\bin;C:\Program Files (x86)\NVIDIA Corporation\PhysX\Common;E:\study\nginx-1.8.1;C:\Program Files\TortoiseSVN\bin;d:\Program Files\Git\cmd;C:\Program Files\erl8.2\bin;F:\rabitmq\rabbitmq_server-3.6.6\sbin;F:\tool\eclipse;;. 
19:40:35.924 [main] INFO  org.apache.zookeeper.ZooKeeper - Client environment:java.io.tmpdir=C:\Users\ADMINI~1\AppData\Local\Temp\ 
19:40:35.924 [main] INFO  org.apache.zookeeper.ZooKeeper - Client environment:java.compiler=<NA> 
19:40:35.924 [main] INFO  org.apache.zookeeper.ZooKeeper - Client environment:os.name=Windows 7 
19:40:35.924 [main] INFO  org.apache.zookeeper.ZooKeeper - Client environment:os.arch=amd64 
19:40:35.924 [main] INFO  org.apache.zookeeper.ZooKeeper - Client environment:os.version=6.1 
19:40:35.925 [main] INFO  org.apache.zookeeper.ZooKeeper - Client environment:user.name=Administrator 
19:40:35.925 [main] INFO  org.apache.zookeeper.ZooKeeper - Client environment:user.home=C:\Users\Administrator 
19:40:35.925 [main] INFO  org.apache.zookeeper.ZooKeeper - Client environment:user.dir=F:\boot\boot_dubbo_master\boot_dubbo_provider 
19:40:35.926 [main] INFO  org.apache.zookeeper.ZooKeeper - Initiating client connection, connectString=localhost:4181,localhost:4182,localhost:4183 sessionTimeout=60000 watcher=org.I0Itec.zkclient.ZkClient@6c623bb4 
19:40:35.942 [main-SendThread(127.0.0.1:4183)] INFO  org.apache.zookeeper.ClientCnxn - Opening socket connection to server 127.0.0.1/127.0.0.1:4183. Will not attempt to authenticate using SASL (unknown error) 
19:40:35.944 [main-SendThread(127.0.0.1:4183)] INFO  org.apache.zookeeper.ClientCnxn - Socket connection established to 127.0.0.1/127.0.0.1:4183, initiating session 
19:40:36.084 [main-SendThread(127.0.0.1:4183)] WARN  o.apache.zookeeper.ClientCnxnSocket - Connected to an old server; r-o mode will be unavailable 
19:40:36.084 [main-SendThread(127.0.0.1:4183)] INFO  org.apache.zookeeper.ClientCnxn - Session establishment complete on server 127.0.0.1/127.0.0.1:4183, sessionid = 0x25b5c82db620001, negotiated timeout = 40000 
19:40:37.169 [main] INFO  o.s.j.e.a.AnnotationMBeanExporter - Registering beans for JMX exposure on startup 
19:40:37.177 [main] INFO  o.s.j.e.a.AnnotationMBeanExporter - Bean with name 'configurationPropertiesRebinder' has been autodetected for JMX exposure 
19:40:37.178 [main] INFO  o.s.j.e.a.AnnotationMBeanExporter - Bean with name 'refreshEndpoint' has been autodetected for JMX exposure 
19:40:37.179 [main] INFO  o.s.j.e.a.AnnotationMBeanExporter - Bean with name 'restartEndpoint' has been autodetected for JMX exposure 
19:40:37.179 [main] INFO  o.s.j.e.a.AnnotationMBeanExporter - Bean with name 'refreshScope' has been autodetected for JMX exposure 
19:40:37.180 [main] INFO  o.s.j.e.a.AnnotationMBeanExporter - Bean with name 'environmentManager' has been autodetected for JMX exposure 
19:40:37.183 [main] INFO  o.s.j.e.a.AnnotationMBeanExporter - Located managed bean 'environmentManager': registering with JMX server as MBean [org.springframework.cloud.context.environment:name=environmentManager,type=EnvironmentManager] 
19:40:37.194 [main] INFO  o.s.j.e.a.AnnotationMBeanExporter - Located managed bean 'refreshScope': registering with JMX server as MBean [org.springframework.cloud.context.scope.refresh:name=refreshScope,type=RefreshScope] 
19:40:37.204 [main] INFO  o.s.j.e.a.AnnotationMBeanExporter - Located managed bean 'restartEndpoint': registering with JMX server as MBean [org.springframework.cloud.context.restart:name=restartEndpoint,type=RestartEndpoint] 
19:40:37.214 [main] INFO  o.s.j.e.a.AnnotationMBeanExporter - Located managed bean 'refreshEndpoint': registering with JMX server as MBean [org.springframework.cloud.endpoint:name=refreshEndpoint,type=RefreshEndpoint] 
19:40:37.219 [main] INFO  o.s.j.e.a.AnnotationMBeanExporter - Located managed bean 'configurationPropertiesRebinder': registering with JMX server as MBean [org.springframework.cloud.context.properties:name=configurationPropertiesRebinder,context=2ea64162,type=ConfigurationPropertiesRebinder] 
19:40:37.223 [main] INFO  o.s.b.a.e.jmx.EndpointMBeanExporter - Registering beans for JMX exposure on startup 
19:40:37.362 [main] INFO  o.s.c.s.DefaultLifecycleProcessor - Starting beans in phase 0 
19:40:37.364 [main] INFO  o.s.b.a.e.jmx.EndpointMBeanExporter - Located managed bean 'auditEventsEndpoint': registering with JMX server as MBean [org.springframework.boot:type=Endpoint,name=auditEventsEndpoint] 
19:40:37.370 [main] INFO  o.s.b.a.e.jmx.EndpointMBeanExporter - Located managed bean 'dubboEndpoint': registering with JMX server as MBean [org.springframework.boot:type=Endpoint,name=dubboEndpoint] 
19:40:37.379 [main] INFO  o.s.b.a.e.jmx.EndpointMBeanExporter - Located managed bean 'requestMappingEndpoint': registering with JMX server as MBean [org.springframework.boot:type=Endpoint,name=requestMappingEndpoint] 
19:40:37.383 [main] INFO  o.s.b.a.e.jmx.EndpointMBeanExporter - Located managed bean 'environmentEndpoint': registering with JMX server as MBean [org.springframework.boot:type=Endpoint,name=environmentEndpoint] 
19:40:37.386 [main] INFO  o.s.b.a.e.jmx.EndpointMBeanExporter - Located managed bean 'healthEndpoint': registering with JMX server as MBean [org.springframework.boot:type=Endpoint,name=healthEndpoint] 
19:40:37.389 [main] INFO  o.s.b.a.e.jmx.EndpointMBeanExporter - Located managed bean 'beansEndpoint': registering with JMX server as MBean [org.springframework.boot:type=Endpoint,name=beansEndpoint] 
19:40:37.392 [main] INFO  o.s.b.a.e.jmx.EndpointMBeanExporter - Located managed bean 'infoEndpoint': registering with JMX server as MBean [org.springframework.boot:type=Endpoint,name=infoEndpoint] 
19:40:37.396 [main] INFO  o.s.b.a.e.jmx.EndpointMBeanExporter - Located managed bean 'loggersEndpoint': registering with JMX server as MBean [org.springframework.boot:type=Endpoint,name=loggersEndpoint] 
19:40:37.402 [main] INFO  o.s.b.a.e.jmx.EndpointMBeanExporter - Located managed bean 'metricsEndpoint': registering with JMX server as MBean [org.springframework.boot:type=Endpoint,name=metricsEndpoint] 
19:40:37.405 [main] INFO  o.s.b.a.e.jmx.EndpointMBeanExporter - Located managed bean 'traceEndpoint': registering with JMX server as MBean [org.springframework.boot:type=Endpoint,name=traceEndpoint] 
19:40:37.408 [main] INFO  o.s.b.a.e.jmx.EndpointMBeanExporter - Located managed bean 'dumpEndpoint': registering with JMX server as MBean [org.springframework.boot:type=Endpoint,name=dumpEndpoint] 
19:40:37.411 [main] INFO  o.s.b.a.e.jmx.EndpointMBeanExporter - Located managed bean 'autoConfigurationReportEndpoint': registering with JMX server as MBean [org.springframework.boot:type=Endpoint,name=autoConfigurationReportEndpoint] 
19:40:37.414 [main] INFO  o.s.b.a.e.jmx.EndpointMBeanExporter - Located managed bean 'configurationPropertiesReportEndpoint': registering with JMX server as MBean [org.springframework.boot:type=Endpoint,name=configurationPropertiesReportEndpoint] 
19:40:37.418 [main] INFO  o.s.b.a.e.jmx.EndpointMBeanExporter - Located managed bean 'archaiusEndpoint': registering with JMX server as MBean [org.springframework.boot:type=Endpoint,name=archaiusEndpoint] 
19:40:37.442 [main] INFO  o.a.coyote.http11.Http11NioProtocol - Initializing ProtocolHandler ["http-nio-8081"] 
19:40:37.453 [main] INFO  o.a.coyote.http11.Http11NioProtocol - Starting ProtocolHandler [http-nio-8081] 
19:40:37.458 [main] INFO  o.a.tomcat.util.net.NioSelectorPool - Using a shared selector for servlet write/read 
19:40:37.476 [main] INFO  o.s.b.c.e.t.TomcatEmbeddedServletContainer - Tomcat started on port(s): 8081 (http) 
19:40:37.482 [main] INFO  c.b.d.provider.ProviderApplication - Started ProviderApplication in 7.383 seconds (JVM running for 8.084) 
