2017-04-24 00:07:10,472 - ResourceManager : found /templates/serviceImpl.java.vm with loader org.apache.velocity.runtime.resource.loader.ClasspathResourceLoader
2017-04-24 00:07:10,474 - ResourceManager : found /templates/service.java.vm with loader org.apache.velocity.runtime.resource.loader.ClasspathResourceLoader
2017-04-24 00:07:10,477 - ResourceManager : found /templates/entity.java.vm with loader org.apache.velocity.runtime.resource.loader.ClasspathResourceLoader
2017-04-24 00:07:10,479 - ResourceManager : found /templates/mapper.java.vm with loader org.apache.velocity.runtime.resource.loader.ClasspathResourceLoader
2017-04-24 00:07:10,481 - ResourceManager : found /templates/mapper.xml.vm with loader org.apache.velocity.runtime.resource.loader.ClasspathResourceLoader
2017-04-24 00:07:10,482 - ResourceManager : found /templates/serviceImpl.java.vm with loader org.apache.velocity.runtime.resource.loader.ClasspathResourceLoader
2017-04-24 00:07:10,484 - ResourceManager : found /templates/service.java.vm with loader org.apache.velocity.runtime.resource.loader.ClasspathResourceLoader
2017-04-24 00:07:10,486 - ResourceManager : found /templates/entity.java.vm with loader org.apache.velocity.runtime.resource.loader.ClasspathResourceLoader
2017-04-24 00:08:24,773 - Log4JLogChute initialized using file 'velocity.log'
2017-04-24 00:08:24,773 - Initializing Velocity, Calling init()...
2017-04-24 00:08:24,773 - Starting Apache Velocity v1.7 (compiled: 2010-11-19 12:14:37)
2017-04-24 00:08:24,773 - Default Properties File: org\apache\velocity\runtime\defaults\velocity.properties
2017-04-24 00:08:24,774 - Trying to use logger class org.apache.velocity.runtime.log.AvalonLogChute
2017-04-24 00:08:24,774 - Target log system for org.apache.velocity.runtime.log.AvalonLogChute is not available (java.lang.NoClassDefFoundError: org/apache/log/format/Formatter).  Falling back to next log system...
2017-04-24 00:08:24,774 - Trying to use logger class org.apache.velocity.runtime.log.Log4JLogChute
2017-04-24 00:08:24,774 - Using logger class org.apache.velocity.runtime.log.Log4JLogChute
2017-04-24 00:08:24,777 - ResourceLoader instantiated: org.apache.velocity.runtime.resource.loader.ClasspathResourceLoader
2017-04-24 00:08:24,788 - ResourceCache: initialized (class org.apache.velocity.runtime.resource.ResourceCacheImpl) with class java.util.Collections$SynchronizedMap cache map.
2017-04-24 00:08:24,789 - Loaded System Directive: org.apache.velocity.runtime.directive.Stop
2017-04-24 00:08:24,790 - Loaded System Directive: org.apache.velocity.runtime.directive.Define
2017-04-24 00:08:24,791 - Loaded System Directive: org.apache.velocity.runtime.directive.Break
2017-04-24 00:08:24,792 - Loaded System Directive: org.apache.velocity.runtime.directive.Evaluate
2017-04-24 00:08:24,792 - Loaded System Directive: org.apache.velocity.runtime.directive.Literal
2017-04-24 00:08:24,793 - Loaded System Directive: org.apache.velocity.runtime.directive.Macro
2017-04-24 00:08:24,795 - Loaded System Directive: org.apache.velocity.runtime.directive.Parse
2017-04-24 00:08:24,796 - Loaded System Directive: org.apache.velocity.runtime.directive.Include
2017-04-24 00:08:24,797 - Loaded System Directive: org.apache.velocity.runtime.directive.Foreach
2017-04-24 00:08:24,821 - Created '20' parsers.
2017-04-24 00:08:24,827 - Velocimacro : "velocimacro.library" is not set.  Trying default library: VM_global_library.vm
2017-04-24 00:08:24,828 - Could not load resource 'VM_global_library.vm' from ResourceLoader org.apache.velocity.runtime.resource.loader.ClasspathResourceLoader: ClasspathResourceLoader Error: cannot find resource VM_global_library.vm
2017-04-24 00:08:24,828 - Velocimacro : Default library not found.
2017-04-24 00:08:24,828 - Velocimacro : allowInline = true : VMs can be defined inline in templates
2017-04-24 00:08:24,828 - Velocimacro : allowInlineToOverride = false : VMs defined inline may NOT replace previous VM definitions
2017-04-24 00:08:24,828 - Velocimacro : allowInlineLocal = false : VMs defined inline will be global in scope if allowed.
2017-04-24 00:08:24,828 - Velocimacro : autoload off : VM system will not automatically reload global library macros
2017-04-24 00:08:24,836 - ResourceManager : found /templates/mapper.java.vm with loader org.apache.velocity.runtime.resource.loader.ClasspathResourceLoader
2017-04-24 00:08:24,849 - ResourceManager : found /templates/mapper.xml.vm with loader org.apache.velocity.runtime.resource.loader.ClasspathResourceLoader
2017-04-24 00:08:24,857 - ResourceManager : found /templates/serviceImpl.java.vm with loader org.apache.velocity.runtime.resource.loader.ClasspathResourceLoader
2017-04-24 00:08:24,859 - ResourceManager : found /templates/service.java.vm with loader org.apache.velocity.runtime.resource.loader.ClasspathResourceLoader
2017-04-24 00:08:24,869 - ResourceManager : found /templates/entity.java.vm with loader org.apache.velocity.runtime.resource.loader.ClasspathResourceLoader
2017-04-24 00:08:24,910 - ResourceManager : found /templates/mapper.java.vm with loader org.apache.velocity.runtime.resource.loader.ClasspathResourceLoader
2017-04-24 00:08:24,912 - ResourceManager : found /templates/mapper.xml.vm with loader org.apache.velocity.runtime.resource.loader.ClasspathResourceLoader
2017-04-24 00:08:24,915 - ResourceManager : found /templates/serviceImpl.java.vm with loader org.apache.velocity.runtime.resource.loader.ClasspathResourceLoader
2017-04-24 00:08:24,917 - ResourceManager : found /templates/service.java.vm with loader org.apache.velocity.runtime.resource.loader.ClasspathResourceLoader
2017-04-24 00:08:24,922 - ResourceManager : found /templates/entity.java.vm with loader org.apache.velocity.runtime.resource.loader.ClasspathResourceLoader
2017-04-24 00:08:24,926 - ResourceManager : found /templates/mapper.java.vm with loader org.apache.velocity.runtime.resource.loader.ClasspathResourceLoader
2017-04-24 00:08:24,929 - ResourceManager : found /templates/mapper.xml.vm with loader org.apache.velocity.runtime.resource.loader.ClasspathResourceLoader
2017-04-24 00:08:24,931 - ResourceManager : found /templates/serviceImpl.java.vm with loader org.apache.velocity.runtime.resource.loader.ClasspathResourceLoader
2017-04-24 00:08:24,932 - ResourceManager : found /templates/service.java.vm with loader org.apache.velocity.runtime.resource.loader.ClasspathResourceLoader
2017-04-24 00:08:24,938 - ResourceManager : found /templates/entity.java.vm with loader org.apache.velocity.runtime.resource.loader.ClasspathResourceLoader
2017-04-24 00:08:24,941 - ResourceManager : found /templates/mapper.java.vm with loader org.apache.velocity.runtime.resource.loader.ClasspathResourceLoader
2017-04-24 00:08:24,943 - ResourceManager : found /templates/mapper.xml.vm with loader org.apache.velocity.runtime.resource.loader.ClasspathResourceLoader
2017-04-24 00:08:24,946 - ResourceManager : found /templates/serviceImpl.java.vm with loader org.apache.velocity.runtime.resource.loader.ClasspathResourceLoader
2017-04-24 00:08:24,948 - ResourceManager : found /templates/service.java.vm with loader org.apache.velocity.runtime.resource.loader.ClasspathResourceLoader
2017-04-24 00:08:24,953 - ResourceManager : found /templates/entity.java.vm with loader org.apache.velocity.runtime.resource.loader.ClasspathResourceLoader
2017-04-24 00:08:24,957 - ResourceManager : found /templates/mapper.java.vm with loader org.apache.velocity.runtime.resource.loader.ClasspathResourceLoader
2017-04-24 00:08:24,959 - ResourceManager : found /templates/mapper.xml.vm with loader org.apache.velocity.runtime.resource.loader.ClasspathResourceLoader
2017-04-24 00:08:24,960 - ResourceManager : found /templates/serviceImpl.java.vm with loader org.apache.velocity.runtime.resource.loader.ClasspathResourceLoader
2017-04-24 00:08:24,961 - ResourceManager : found /templates/service.java.vm with loader org.apache.velocity.runtime.resource.loader.ClasspathResourceLoader
2017-04-24 00:08:24,964 - ResourceManager : found /templates/entity.java.vm with loader org.apache.velocity.runtime.resource.loader.ClasspathResourceLoader
2017-04-24 00:08:24,967 - ResourceManager : found /templates/mapper.java.vm with loader org.apache.velocity.runtime.resource.loader.ClasspathResourceLoader
2017-04-24 00:08:24,970 - ResourceManager : found /templates/mapper.xml.vm with loader org.apache.velocity.runtime.resource.loader.ClasspathResourceLoader
2017-04-24 00:08:24,972 - ResourceManager : found /templates/serviceImpl.java.vm with loader org.apache.velocity.runtime.resource.loader.ClasspathResourceLoader
2017-04-24 00:08:24,973 - ResourceManager : found /templates/service.java.vm with loader org.apache.velocity.runtime.resource.loader.ClasspathResourceLoader
2017-04-24 00:08:24,976 - ResourceManager : found /templates/entity.java.vm with loader org.apache.velocity.runtime.resource.loader.ClasspathResourceLoader
2017-04-24 00:08:24,979 - ResourceManager : found /templates/mapper.java.vm with loader org.apache.velocity.runtime.resource.loader.ClasspathResourceLoader
2017-04-24 00:08:24,980 - ResourceManager : found /templates/mapper.xml.vm with loader org.apache.velocity.runtime.resource.loader.ClasspathResourceLoader
2017-04-24 00:08:24,981 - ResourceManager : found /templates/serviceImpl.java.vm with loader org.apache.velocity.runtime.resource.loader.ClasspathResourceLoader
2017-04-24 00:08:24,983 - ResourceManager : found /templates/service.java.vm with loader org.apache.velocity.runtime.resource.loader.ClasspathResourceLoader
2017-04-24 00:08:24,987 - ResourceManager : found /templates/entity.java.vm with loader org.apache.velocity.runtime.resource.loader.ClasspathResourceLoader
2017-04-24 00:08:24,990 - ResourceManager : found /templates/mapper.java.vm with loader org.apache.velocity.runtime.resource.loader.ClasspathResourceLoader
2017-04-24 00:08:24,992 - ResourceManager : found /templates/mapper.xml.vm with loader org.apache.velocity.runtime.resource.loader.ClasspathResourceLoader
2017-04-24 00:08:24,993 - ResourceManager : found /templates/serviceImpl.java.vm with loader org.apache.velocity.runtime.resource.loader.ClasspathResourceLoader
2017-04-24 00:08:24,994 - ResourceManager : found /templates/service.java.vm with loader org.apache.velocity.runtime.resource.loader.ClasspathResourceLoader
2017-04-24 00:08:24,997 - ResourceManager : found /templates/entity.java.vm with loader org.apache.velocity.runtime.resource.loader.ClasspathResourceLoader
2017-04-24 00:09:42,714 - Log4JLogChute initialized using file 'velocity.log'
2017-04-24 00:09:42,714 - Initializing Velocity, Calling init()...
2017-04-24 00:09:42,714 - Starting Apache Velocity v1.7 (compiled: 2010-11-19 12:14:37)
2017-04-24 00:09:42,714 - Default Properties File: org\apache\velocity\runtime\defaults\velocity.properties
2017-04-24 00:09:42,714 - Trying to use logger class org.apache.velocity.runtime.log.AvalonLogChute
2017-04-24 00:09:42,714 - Target log system for org.apache.velocity.runtime.log.AvalonLogChute is not available (java.lang.NoClassDefFoundError: org/apache/log/format/Formatter).  Falling back to next log system...
2017-04-24 00:09:42,714 - Trying to use logger class org.apache.velocity.runtime.log.Log4JLogChute
2017-04-24 00:09:42,714 - Using logger class org.apache.velocity.runtime.log.Log4JLogChute
2017-04-24 00:09:42,717 - ResourceLoader instantiated: org.apache.velocity.runtime.resource.loader.ClasspathResourceLoader
2017-04-24 00:09:42,727 - ResourceCache: initialized (class org.apache.velocity.runtime.resource.ResourceCacheImpl) with class java.util.Collections$SynchronizedMap cache map.
2017-04-24 00:09:42,729 - Loaded System Directive: org.apache.velocity.runtime.directive.Stop
2017-04-24 00:09:42,730 - Loaded System Directive: org.apache.velocity.runtime.directive.Define
2017-04-24 00:09:42,731 - Loaded System Directive: org.apache.velocity.runtime.directive.Break
2017-04-24 00:09:42,732 - Loaded System Directive: org.apache.velocity.runtime.directive.Evaluate
2017-04-24 00:09:42,732 - Loaded System Directive: org.apache.velocity.runtime.directive.Literal
2017-04-24 00:09:42,733 - Loaded System Directive: org.apache.velocity.runtime.directive.Macro
2017-04-24 00:09:42,735 - Loaded System Directive: org.apache.velocity.runtime.directive.Parse
2017-04-24 00:09:42,736 - Loaded System Directive: org.apache.velocity.runtime.directive.Include
2017-04-24 00:09:42,737 - Loaded System Directive: org.apache.velocity.runtime.directive.Foreach
2017-04-24 00:09:42,765 - Created '20' parsers.
2017-04-24 00:09:42,770 - Velocimacro : "velocimacro.library" is not set.  Trying default library: VM_global_library.vm
2017-04-24 00:09:42,771 - Could not load resource 'VM_global_library.vm' from ResourceLoader org.apache.velocity.runtime.resource.loader.ClasspathResourceLoader: ClasspathResourceLoader Error: cannot find resource VM_global_library.vm
2017-04-24 00:09:42,771 - Velocimacro : Default library not found.
2017-04-24 00:09:42,771 - Velocimacro : allowInline = true : VMs can be defined inline in templates
2017-04-24 00:09:42,771 - Velocimacro : allowInlineToOverride = false : VMs defined inline may NOT replace previous VM definitions
2017-04-24 00:09:42,771 - Velocimacro : allowInlineLocal = false : VMs defined inline will be global in scope if allowed.
2017-04-24 00:09:42,771 - Velocimacro : autoload off : VM system will not automatically reload global library macros
2017-04-24 00:09:42,781 - ResourceManager : found /templates/mapper.java.vm with loader org.apache.velocity.runtime.resource.loader.ClasspathResourceLoader
2017-04-24 00:09:42,795 - ResourceManager : found /templates/mapper.xml.vm with loader org.apache.velocity.runtime.resource.loader.ClasspathResourceLoader
2017-04-24 00:09:42,802 - ResourceManager : found /templates/serviceImpl.java.vm with loader org.apache.velocity.runtime.resource.loader.ClasspathResourceLoader
2017-04-24 00:09:42,804 - ResourceManager : found /templates/service.java.vm with loader org.apache.velocity.runtime.resource.loader.ClasspathResourceLoader
2017-04-24 00:09:42,817 - ResourceManager : found /templates/entity.java.vm with loader org.apache.velocity.runtime.resource.loader.ClasspathResourceLoader
2017-04-24 00:09:42,827 - ResourceManager : found /templates/mapper.java.vm with loader org.apache.velocity.runtime.resource.loader.ClasspathResourceLoader
2017-04-24 00:09:42,829 - ResourceManager : found /templates/mapper.xml.vm with loader org.apache.velocity.runtime.resource.loader.ClasspathResourceLoader
2017-04-24 00:09:42,832 - ResourceManager : found /templates/serviceImpl.java.vm with loader org.apache.velocity.runtime.resource.loader.ClasspathResourceLoader
2017-04-24 00:09:42,833 - ResourceManager : found /templates/service.java.vm with loader org.apache.velocity.runtime.resource.loader.ClasspathResourceLoader
2017-04-24 00:09:42,837 - ResourceManager : found /templates/entity.java.vm with loader org.apache.velocity.runtime.resource.loader.ClasspathResourceLoader
2017-04-24 00:09:42,843 - ResourceManager : found /templates/mapper.java.vm with loader org.apache.velocity.runtime.resource.loader.ClasspathResourceLoader
2017-04-24 00:09:42,845 - ResourceManager : found /templates/mapper.xml.vm with loader org.apache.velocity.runtime.resource.loader.ClasspathResourceLoader
2017-04-24 00:09:42,848 - ResourceManager : found /templates/serviceImpl.java.vm with loader org.apache.velocity.runtime.resource.loader.ClasspathResourceLoader
2017-04-24 00:09:42,849 - ResourceManager : found /templates/service.java.vm with loader org.apache.velocity.runtime.resource.loader.ClasspathResourceLoader
2017-04-24 00:09:42,854 - ResourceManager : found /templates/entity.java.vm with loader org.apache.velocity.runtime.resource.loader.ClasspathResourceLoader
2017-04-24 00:09:42,858 - ResourceManager : found /templates/mapper.java.vm with loader org.apache.velocity.runtime.resource.loader.ClasspathResourceLoader
2017-04-24 00:09:42,860 - ResourceManager : found /templates/mapper.xml.vm with loader org.apache.velocity.runtime.resource.loader.ClasspathResourceLoader
2017-04-24 00:09:42,862 - ResourceManager : found /templates/serviceImpl.java.vm with loader org.apache.velocity.runtime.resource.loader.ClasspathResourceLoader
2017-04-24 00:09:42,863 - ResourceManager : found /templates/service.java.vm with loader org.apache.velocity.runtime.resource.loader.ClasspathResourceLoader
2017-04-24 00:09:42,866 - ResourceManager : found /templates/entity.java.vm with loader org.apache.velocity.runtime.resource.loader.ClasspathResourceLoader
2017-04-24 00:09:42,869 - ResourceManager : found /templates/mapper.java.vm with loader org.apache.velocity.runtime.resource.loader.ClasspathResourceLoader
2017-04-24 00:09:42,871 - ResourceManager : found /templates/mapper.xml.vm with loader org.apache.velocity.runtime.resource.loader.ClasspathResourceLoader
2017-04-24 00:09:42,872 - ResourceManager : found /templates/serviceImpl.java.vm with loader org.apache.velocity.runtime.resource.loader.ClasspathResourceLoader
2017-04-24 00:09:42,873 - ResourceManager : found /templates/service.java.vm with loader org.apache.velocity.runtime.resource.loader.ClasspathResourceLoader
2017-04-24 00:09:42,876 - ResourceManager : found /templates/entity.java.vm with loader org.apache.velocity.runtime.resource.loader.ClasspathResourceLoader
2017-04-24 00:09:42,879 - ResourceManager : found /templates/mapper.java.vm with loader org.apache.velocity.runtime.resource.loader.ClasspathResourceLoader
2017-04-24 00:09:42,880 - ResourceManager : found /templates/mapper.xml.vm with loader org.apache.velocity.runtime.resource.loader.ClasspathResourceLoader
2017-04-24 00:09:42,882 - ResourceManager : found /templates/serviceImpl.java.vm with loader org.apache.velocity.runtime.resource.loader.ClasspathResourceLoader
2017-04-24 00:09:42,883 - ResourceManager : found /templates/service.java.vm with loader org.apache.velocity.runtime.resource.loader.ClasspathResourceLoader
2017-04-24 00:09:42,886 - ResourceManager : found /templates/entity.java.vm with loader org.apache.velocity.runtime.resource.loader.ClasspathResourceLoader
2017-04-24 00:09:42,889 - ResourceManager : found /templates/mapper.java.vm with loader org.apache.velocity.runtime.resource.loader.ClasspathResourceLoader
2017-04-24 00:09:42,890 - ResourceManager : found /templates/mapper.xml.vm with loader org.apache.velocity.runtime.resource.loader.ClasspathResourceLoader
2017-04-24 00:09:42,892 - ResourceManager : found /templates/serviceImpl.java.vm with loader org.apache.velocity.runtime.resource.loader.ClasspathResourceLoader
2017-04-24 00:09:42,893 - ResourceManager : found /templates/service.java.vm with loader org.apache.velocity.runtime.resource.loader.ClasspathResourceLoader
2017-04-24 00:09:42,896 - ResourceManager : found /templates/entity.java.vm with loader org.apache.velocity.runtime.resource.loader.ClasspathResourceLoader
2017-04-24 00:09:42,898 - ResourceManager : found /templates/mapper.java.vm with loader org.apache.velocity.runtime.resource.loader.ClasspathResourceLoader
2017-04-24 00:09:42,900 - ResourceManager : found /templates/mapper.xml.vm with loader org.apache.velocity.runtime.resource.loader.ClasspathResourceLoader
2017-04-24 00:09:42,901 - ResourceManager : found /templates/serviceImpl.java.vm with loader org.apache.velocity.runtime.resource.loader.ClasspathResourceLoader
2017-04-24 00:09:42,903 - ResourceManager : found /templates/service.java.vm with loader org.apache.velocity.runtime.resource.loader.ClasspathResourceLoader
2017-04-24 00:09:42,906 - ResourceManager : found /templates/entity.java.vm with loader org.apache.velocity.runtime.resource.loader.ClasspathResourceLoader
2017-04-24 00:10:34,442 - Log4JLogChute initialized using file 'velocity.log'
2017-04-24 00:10:34,442 - Initializing Velocity, Calling init()...
2017-04-24 00:10:34,442 - Starting Apache Velocity v1.7 (compiled: 2010-11-19 12:14:37)
2017-04-24 00:10:34,442 - Default Properties File: org\apache\velocity\runtime\defaults\velocity.properties
2017-04-24 00:10:34,442 - Trying to use logger class org.apache.velocity.runtime.log.AvalonLogChute
2017-04-24 00:10:34,442 - Target log system for org.apache.velocity.runtime.log.AvalonLogChute is not available (java.lang.NoClassDefFoundError: org/apache/log/format/Formatter).  Falling back to next log system...
2017-04-24 00:10:34,442 - Trying to use logger class org.apache.velocity.runtime.log.Log4JLogChute
2017-04-24 00:10:34,442 - Using logger class org.apache.velocity.runtime.log.Log4JLogChute
2017-04-24 00:10:34,446 - ResourceLoader instantiated: org.apache.velocity.runtime.resource.loader.ClasspathResourceLoader
2017-04-24 00:10:34,455 - ResourceCache: initialized (class org.apache.velocity.runtime.resource.ResourceCacheImpl) with class java.util.Collections$SynchronizedMap cache map.
2017-04-24 00:10:34,456 - Loaded System Directive: org.apache.velocity.runtime.directive.Stop
2017-04-24 00:10:34,457 - Loaded System Directive: org.apache.velocity.runtime.directive.Define
2017-04-24 00:10:34,458 - Loaded System Directive: org.apache.velocity.runtime.directive.Break
2017-04-24 00:10:34,459 - Loaded System Directive: org.apache.velocity.runtime.directive.Evaluate
2017-04-24 00:10:34,460 - Loaded System Directive: org.apache.velocity.runtime.directive.Literal
2017-04-24 00:10:34,461 - Loaded System Directive: org.apache.velocity.runtime.directive.Macro
2017-04-24 00:10:34,462 - Loaded System Directive: org.apache.velocity.runtime.directive.Parse
2017-04-24 00:10:34,464 - Loaded System Directive: org.apache.velocity.runtime.directive.Include
2017-04-24 00:10:34,465 - Loaded System Directive: org.apache.velocity.runtime.directive.Foreach
2017-04-24 00:10:34,491 - Created '20' parsers.
2017-04-24 00:10:34,497 - Velocimacro : "velocimacro.library" is not set.  Trying default library: VM_global_library.vm
2017-04-24 00:10:34,498 - Could not load resource 'VM_global_library.vm' from ResourceLoader org.apache.velocity.runtime.resource.loader.ClasspathResourceLoader: ClasspathResourceLoader Error: cannot find resource VM_global_library.vm
2017-04-24 00:10:34,498 - Velocimacro : Default library not found.
2017-04-24 00:10:34,498 - Velocimacro : allowInline = true : VMs can be defined inline in templates
2017-04-24 00:10:34,498 - Velocimacro : allowInlineToOverride = false : VMs defined inline may NOT replace previous VM definitions
2017-04-24 00:10:34,499 - Velocimacro : allowInlineLocal = false : VMs defined inline will be global in scope if allowed.
2017-04-24 00:10:34,499 - Velocimacro : autoload off : VM system will not automatically reload global library macros
2017-04-24 00:10:34,510 - ResourceManager : found /templates/mapper.java.vm with loader org.apache.velocity.runtime.resource.loader.ClasspathResourceLoader
2017-04-24 00:10:34,524 - ResourceManager : found /templates/mapper.xml.vm with loader org.apache.velocity.runtime.resource.loader.ClasspathResourceLoader
2017-04-24 00:10:34,533 - ResourceManager : found /templates/serviceImpl.java.vm with loader org.apache.velocity.runtime.resource.loader.ClasspathResourceLoader
2017-04-24 00:10:34,535 - ResourceManager : found /templates/service.java.vm with loader org.apache.velocity.runtime.resource.loader.ClasspathResourceLoader
2017-04-24 00:10:34,548 - ResourceManager : found /templates/entity.java.vm with loader org.apache.velocity.runtime.resource.loader.ClasspathResourceLoader
2017-04-24 00:10:34,561 - ResourceManager : found /templates/mapper.java.vm with loader org.apache.velocity.runtime.resource.loader.ClasspathResourceLoader
2017-04-24 00:10:34,564 - ResourceManager : found /templates/mapper.xml.vm with loader org.apache.velocity.runtime.resource.loader.ClasspathResourceLoader
2017-04-24 00:10:34,567 - ResourceManager : found /templates/serviceImpl.java.vm with loader org.apache.velocity.runtime.resource.loader.ClasspathResourceLoader
2017-04-24 00:10:34,569 - ResourceManager : found /templates/service.java.vm with loader org.apache.velocity.runtime.resource.loader.ClasspathResourceLoader
2017-04-24 00:10:34,573 - ResourceManager : found /templates/entity.java.vm with loader org.apache.velocity.runtime.resource.loader.ClasspathResourceLoader
2017-04-24 00:10:34,578 - ResourceManager : found /templates/mapper.java.vm with loader org.apache.velocity.runtime.resource.loader.ClasspathResourceLoader
2017-04-24 00:10:34,580 - ResourceManager : found /templates/mapper.xml.vm with loader org.apache.velocity.runtime.resource.loader.ClasspathResourceLoader
2017-04-24 00:10:34,582 - ResourceManager : found /templates/serviceImpl.java.vm with loader org.apache.velocity.runtime.resource.loader.ClasspathResourceLoader
2017-04-24 00:10:34,584 - ResourceManager : found /templates/service.java.vm with loader org.apache.velocity.runtime.resource.loader.ClasspathResourceLoader
2017-04-24 00:10:34,589 - ResourceManager : found /templates/entity.java.vm with loader org.apache.velocity.runtime.resource.loader.ClasspathResourceLoader
2017-04-24 00:10:34,592 - ResourceManager : found /templates/mapper.java.vm with loader org.apache.velocity.runtime.resource.loader.ClasspathResourceLoader
2017-04-24 00:10:34,594 - ResourceManager : found /templates/mapper.xml.vm with loader org.apache.velocity.runtime.resource.loader.ClasspathResourceLoader
2017-04-24 00:10:34,596 - ResourceManager : found /templates/serviceImpl.java.vm with loader org.apache.velocity.runtime.resource.loader.ClasspathResourceLoader
2017-04-24 00:10:34,598 - ResourceManager : found /templates/service.java.vm with loader org.apache.velocity.runtime.resource.loader.ClasspathResourceLoader
2017-04-24 00:10:34,601 - ResourceManager : found /templates/entity.java.vm with loader org.apache.velocity.runtime.resource.loader.ClasspathResourceLoader
2017-04-24 00:10:34,605 - ResourceManager : found /templates/mapper.java.vm with loader org.apache.velocity.runtime.resource.loader.ClasspathResourceLoader
2017-04-24 00:10:34,606 - ResourceManager : found /templates/mapper.xml.vm with loader org.apache.velocity.runtime.resource.loader.ClasspathResourceLoader
2017-04-24 00:10:34,608 - ResourceManager : found /templates/serviceImpl.java.vm with loader org.apache.velocity.runtime.resource.loader.ClasspathResourceLoader
2017-04-24 00:10:34,609 - ResourceManager : found /templates/service.java.vm with loader org.apache.velocity.runtime.resource.loader.ClasspathResourceLoader
2017-04-24 00:10:34,614 - ResourceManager : found /templates/entity.java.vm with loader org.apache.velocity.runtime.resource.loader.ClasspathResourceLoader
2017-04-24 00:10:34,617 - ResourceManager : found /templates/mapper.java.vm with loader org.apache.velocity.runtime.resource.loader.ClasspathResourceLoader
2017-04-24 00:10:34,619 - ResourceManager : found /templates/mapper.xml.vm with loader org.apache.velocity.runtime.resource.loader.ClasspathResourceLoader
2017-04-24 00:10:34,621 - ResourceManager : found /templates/serviceImpl.java.vm with loader org.apache.velocity.runtime.resource.loader.ClasspathResourceLoader
2017-04-24 00:10:34,622 - ResourceManager : found /templates/service.java.vm with loader org.apache.velocity.runtime.resource.loader.ClasspathResourceLoader
2017-04-24 00:10:34,625 - ResourceManager : found /templates/entity.java.vm with loader org.apache.velocity.runtime.resource.loader.ClasspathResourceLoader
2017-04-24 00:10:34,627 - ResourceManager : found /templates/mapper.java.vm with loader org.apache.velocity.runtime.resource.loader.ClasspathResourceLoader
2017-04-24 00:10:34,629 - ResourceManager : found /templates/mapper.xml.vm with loader org.apache.velocity.runtime.resource.loader.ClasspathResourceLoader
2017-04-24 00:10:34,630 - ResourceManager : found /templates/serviceImpl.java.vm with loader org.apache.velocity.runtime.resource.loader.ClasspathResourceLoader
2017-04-24 00:10:34,631 - ResourceManager : found /templates/service.java.vm with loader org.apache.velocity.runtime.resource.loader.ClasspathResourceLoader
2017-04-24 00:10:34,634 - ResourceManager : found /templates/entity.java.vm with loader org.apache.velocity.runtime.resource.loader.ClasspathResourceLoader
2017-04-24 00:10:34,637 - ResourceManager : found /templates/mapper.java.vm with loader org.apache.velocity.runtime.resource.loader.ClasspathResourceLoader
2017-04-24 00:10:34,638 - ResourceManager : found /templates/mapper.xml.vm with loader org.apache.velocity.runtime.resource.loader.ClasspathResourceLoader
2017-04-24 00:10:34,639 - ResourceManager : found /templates/serviceImpl.java.vm with loader org.apache.velocity.runtime.resource.loader.ClasspathResourceLoader
2017-04-24 00:10:34,641 - ResourceManager : found /templates/service.java.vm with loader org.apache.velocity.runtime.resource.loader.ClasspathResourceLoader
2017-04-24 00:10:34,643 - ResourceManager : found /templates/entity.java.vm with loader org.apache.velocity.runtime.resource.loader.ClasspathResourceLoader
